2025-03-18 01:07:30.027848 [info] : ============== Server Init Success! ==============
2025-03-18 01:07:30.027866 [info] :           welcome to carmarfee's server           
2025-03-18 01:07:30.027870 [info] :                                      / _|         
2025-03-18 01:07:30.027909 [info] :   ___ __ _ _ __ _ __ ___   __ _ _ __| |_ ___  ___ 
2025-03-18 01:07:30.027915 [info] :  / __/ _` | '__| '_ ` _ \ / _` | '__|  _/ _ \/ _ \
2025-03-18 01:07:30.027923 [info] : | (_| (_| | |  | | | | | | (_| | |  | ||  __/  __/
2025-03-18 01:07:30.027973 [info] :  \___\__,_|_|  |_| |_| |_|\__,_|_|  |_| \___|\___|
2025-03-18 01:07:30.027986 [info] : --------------------------------------------------
2025-03-18 01:07:30.027995 [info] :                  the server config                
2025-03-18 01:07:30.028004 [info] : --------------------------------------------------
2025-03-18 01:07:30.028012 [info] : IP: 127.0.0.1
2025-03-18 01:07:30.028020 [info] : Port: 1316
2025-03-18 01:07:30.028028 [info] : Listen Mode: ET
2025-03-18 01:07:30.028037 [info] : Connect Mode: ET
2025-03-18 01:07:30.028045 [info] : SysLogLevel: 1
2025-03-18 01:08:29.458283 [info] : ============== Server Init Success! ==============
2025-03-18 01:08:29.458298 [info] :           welcome to carmarfee's server           
2025-03-18 01:08:29.458334 [info] :                                      / _|         
2025-03-18 01:08:29.458375 [info] :   ___ __ _ _ __ _ __ ___   __ _ _ __| |_ ___  ___ 
2025-03-18 01:08:29.458388 [info] :  / __/ _` | '__| '_ ` _ \ / _` | '__|  _/ _ \/ _ \
2025-03-18 01:08:29.458397 [info] : | (_| (_| | |  | | | | | | (_| | |  | ||  __/  __/
2025-03-18 01:08:29.458405 [info] :  \___\__,_|_|  |_| |_| |_|\__,_|_|  |_| \___|\___|
2025-03-18 01:08:29.458413 [info] : --------------------------------------------------
2025-03-18 01:08:29.458422 [info] :                  the server config                
2025-03-18 01:08:29.458430 [info] : --------------------------------------------------
2025-03-18 01:08:29.458438 [info] : IP: 127.0.0.1
2025-03-18 01:08:29.458446 [info] : Port: 1316
2025-03-18 01:08:29.458454 [info] : Listen Mode: ET
2025-03-18 01:08:29.458463 [info] : Connect Mode: ET
2025-03-18 01:08:29.458471 [info] : SysLogLevel: 1
2025-03-18 01:08:29.458478 [info] : SqlConnPool num: 12
2025-03-18 01:08:29.458486 [info] : ThreadPool num: 6
2025-03-18 01:08:35.198907 [info] : ============== Server Start Success!==============
2025-03-18 01:08:53.678582 [info] : ============== Server Init Success! ==============
2025-03-18 01:08:53.678596 [info] :           welcome to carmarfee's server           
2025-03-18 01:08:53.678600 [info] :                                      / _|         
2025-03-18 01:08:53.678640 [info] :   ___ __ _ _ __ _ __ ___   __ _ _ __| |_ ___  ___ 
2025-03-18 01:08:53.678645 [info] :  / __/ _` | '__| '_ ` _ \ / _` | '__|  _/ _ \/ _ \
2025-03-18 01:08:53.678678 [info] : | (_| (_| | |  | | | | | | (_| | |  | ||  __/  __/
2025-03-18 01:08:53.678685 [info] :  \___\__,_|_|  |_| |_| |_|\__,_|_|  |_| \___|\___|
2025-03-18 01:08:53.678691 [info] : --------------------------------------------------
2025-03-18 01:08:53.678697 [info] :                  the server config                
2025-03-18 01:08:53.678703 [info] : --------------------------------------------------
2025-03-18 01:08:53.678708 [info] : IP: 127.0.0.1
2025-03-18 01:08:53.678713 [info] : Port: 1316
2025-03-18 01:08:53.678719 [info] : Listen Mode: ET
2025-03-18 01:08:53.678730 [info] : Connect Mode: ET
2025-03-18 01:08:53.678737 [info] : SysLogLevel: 1
2025-03-18 01:08:53.678743 [info] : SqlConnPool num: 12
2025-03-18 01:08:53.678747 [info] : ThreadPool num: 6
2025-03-18 01:08:56.810782 [info] : ============== Server Start Success!==============
2025-03-18 01:11:06.111842 [info] : ============== Server Init Success! ==============
2025-03-18 01:11:06.111855 [info] :           welcome to carmarfee's server           
2025-03-18 01:11:06.111891 [info] :                                      / _|         
2025-03-18 01:11:06.111925 [info] :   ___ __ _ _ __ _ __ ___   __ _ _ __| |_ ___  ___ 
2025-03-18 01:11:06.111933 [info] :  / __/ _` | '__| '_ ` _ \ / _` | '__|  _/ _ \/ _ \
2025-03-18 01:11:06.111955 [info] : | (_| (_| | |  | | | | | | (_| | |  | ||  __/  __/
2025-03-18 01:11:06.111961 [info] :  \___\__,_|_|  |_| |_| |_|\__,_|_|  |_| \___|\___|
2025-03-18 01:11:06.111967 [info] : --------------------------------------------------
2025-03-18 01:11:06.111972 [info] :                  the server config                
2025-03-18 01:11:06.111976 [info] : --------------------------------------------------
2025-03-18 01:11:06.111980 [info] : IP: 127.0.0.1
2025-03-18 01:11:06.111988 [info] : Port: 1316
2025-03-18 01:11:06.111995 [info] : Listen Mode: ET
2025-03-18 01:11:06.112003 [info] : Connect Mode: ET
2025-03-18 01:11:06.112010 [info] : SysLogLevel: 1
2025-03-18 01:11:06.112018 [info] : SqlConnPool num: 12
2025-03-18 01:11:06.112026 [info] : ThreadPool num: 6
2025-03-18 01:11:41.663818 [info] : ============== Server Start Success!==============
