2025-03-18 11:27:14.503157 [info] : ============== Server Init Success! ==============
2025-03-18 11:27:14.503248 [info] :           welcome to carmarfee's server           
2025-03-18 11:27:14.503394 [info] :                                      / _|         
2025-03-18 11:27:14.503403 [info] :   ___ __ _ _ __ _ __ ___   __ _ _ __| |_ ___  ___ 
2025-03-18 11:27:14.503405 [info] :  / __/ _` | '__| '_ ` _ \ / _` | '__|  _/ _ \/ _ \
2025-03-18 11:27:14.503408 [info] : | (_| (_| | |  | | | | | | (_| | |  | ||  __/  __/
2025-03-18 11:27:14.503409 [info] :  \___\__,_|_|  |_| |_| |_|\__,_|_|  |_| \___|\___|
2025-03-18 11:27:14.503411 [info] : --------------------------------------------------
2025-03-18 11:27:14.503413 [info] :                  the server config                
2025-03-18 11:27:14.503570 [info] : --------------------------------------------------
2025-03-18 11:27:14.503614 [info] : IP: 127.0.0.1
2025-03-18 11:27:14.503724 [info] : Port: 1316
2025-03-18 11:27:14.503868 [info] : Listen Mode: ET
2025-03-18 11:27:14.503972 [info] : Connect Mode: ET
2025-03-18 11:27:14.504127 [info] : SysLogLevel: 1
2025-03-18 11:27:14.504274 [info] : SqlConnPool num: 12
2025-03-18 11:27:14.504409 [info] : ThreadPool num: 6
2025-03-18 11:27:14.504429 [info] : ============== Server Start Success!==============
2025-03-18 11:27:17.399841 [info] : Client[6](127.0.0.1:55514) in, userCount:1
2025-03-18 11:27:17.399934 [error]: Connect failed!
2025-03-18 11:27:17.400533 [info] : Client[7](127.0.0.1:56026) in, userCount:2
2025-03-18 11:27:17.400603 [error]: Connect failed!
2025-03-18 11:27:17.400687 [error]: Open file error
2025-03-18 11:27:17.660518 [info] : Client[8](127.0.0.1:59610) in, userCount:3
