2025-03-21 00:51:50.495523 [info] : ============== Server Init Success! ==============
2025-03-21 00:51:50.495544 [info] :           welcome to carmarfee's server           
2025-03-21 00:51:50.495547 [info] :                                      / _|         
2025-03-21 00:51:50.495549 [info] :   ___ __ _ _ __ _ __ ___   __ _ _ __| |_ ___  ___ 
2025-03-21 00:51:50.495550 [info] :  / __/ _` | '__| '_ ` _ \ / _` | '__|  _/ _ \/ _ \
2025-03-21 00:51:50.495552 [info] : | (_| (_| | |  | | | | | | (_| | |  | ||  __/  __/
2025-03-21 00:51:50.495554 [info] :  \___\__,_|_|  |_| |_| |_|\__,_|_|  |_| \___|\___|
2025-03-21 00:51:50.495612 [info] : --------------------------------------------------
2025-03-21 00:51:50.495615 [info] :                  the server config                
2025-03-21 00:51:50.495627 [info] : --------------------------------------------------
2025-03-21 00:51:50.495630 [info] : IP: 127.0.0.1
2025-03-21 00:51:50.495632 [info] : Port: 1316
2025-03-21 00:51:50.495740 [info] : Listen Mode: ET
2025-03-21 00:51:50.495803 [info] : Connect Mode: ET
2025-03-21 00:51:50.495868 [info] : SysLogLevel: 1
2025-03-21 00:51:50.495921 [info] : SqlConnPool num: 12
2025-03-21 00:51:50.495972 [info] : ThreadPool num: 6
2025-03-21 00:51:50.496023 [info] : ============== Server Start Success!==============
2025-03-21 00:51:56.904678 [info] : Client[6](127.0.0.1:44213) in, userCount:1
2025-03-21 00:51:56.904829 [error]: Connect failed!
2025-03-21 00:51:56.905954 [info] : Client[6] quit!
2025-03-21 00:51:56.906172 [info] : Client[6](127.0.0.1:44213) quit, UserCount:0
2025-03-21 00:52:45.382243 [info] : Client[6](127.0.0.1:15585) in, userCount:1
2025-03-21 00:52:45.382404 [error]: Connect failed!
2025-03-21 00:52:45.382760 [error]: Open file error
2025-03-21 00:52:45.384090 [info] : Client[6] quit!
2025-03-21 00:52:45.384256 [info] : Client[6](127.0.0.1:15585) quit, UserCount:0
2025-03-21 00:56:44.017661 [error]: Connect failed!
2025-03-21 00:57:20.248277 [info] : ============== Server Init Success! ==============
2025-03-21 00:57:20.248298 [info] :           welcome to carmarfee's server           
2025-03-21 00:57:20.248301 [info] :                                      / _|         
2025-03-21 00:57:20.248303 [info] :   ___ __ _ _ __ _ __ ___   __ _ _ __| |_ ___  ___ 
2025-03-21 00:57:20.248305 [info] :  / __/ _` | '__| '_ ` _ \ / _` | '__|  _/ _ \/ _ \
2025-03-21 00:57:20.248307 [info] : | (_| (_| | |  | | | | | | (_| | |  | ||  __/  __/
2025-03-21 00:57:20.248309 [info] :  \___\__,_|_|  |_| |_| |_|\__,_|_|  |_| \___|\___|
2025-03-21 00:57:20.248379 [info] : --------------------------------------------------
2025-03-21 00:57:20.248483 [info] :                  the server config                
2025-03-21 00:57:20.248501 [info] : --------------------------------------------------
2025-03-21 00:57:20.248504 [info] : IP: 127.0.0.1
2025-03-21 00:57:20.248509 [info] : Port: 1316
2025-03-21 00:57:20.248524 [info] : Listen Mode: ET
2025-03-21 00:57:20.248528 [info] : Connect Mode: ET
2025-03-21 00:57:20.248531 [info] : SysLogLevel: 0
2025-03-21 00:57:20.248533 [info] : SqlConnPool num: 12
2025-03-21 00:57:20.248547 [info] : ThreadPool num: 6
2025-03-21 00:57:20.248551 [info] : ============== Server Start Success!==============
2025-03-21 00:57:26.255052 [info] : Client[6](127.0.0.1:28290) in, userCount:1
2025-03-21 00:57:26.255208 [error]: Connect failed!
2025-03-21 00:57:26.255385 [debug]: [GET], [/login.php?username=admin&password=123], [HTTP/1.1]
2025-03-21 00:57:26.255786 [debug]: filepath:/home/carmarfee/C++pro/CarWebServer/res//login.php?username=admin&password=123
2025-03-21 00:57:26.255824 [error]: Open file error
2025-03-21 00:57:26.257090 [info] : Client[6] quit!
2025-03-21 00:57:26.257401 [info] : Client[6](127.0.0.1:28290) quit, UserCount:0
2025-03-21 01:02:01.016129 [info] : ============== Server Init Success! ==============
2025-03-21 01:02:01.016166 [info] :           welcome to carmarfee's server           
2025-03-21 01:02:01.016170 [info] :                                      / _|         
2025-03-21 01:02:01.016173 [info] :   ___ __ _ _ __ _ __ ___   __ _ _ __| |_ ___  ___ 
2025-03-21 01:02:01.017013 [info] :  / __/ _` | '__| '_ ` _ \ / _` | '__|  _/ _ \/ _ \
2025-03-21 01:02:01.017200 [info] : | (_| (_| | |  | | | | | | (_| | |  | ||  __/  __/
2025-03-21 01:02:01.017253 [info] :  \___\__,_|_|  |_| |_| |_|\__,_|_|  |_| \___|\___|
2025-03-21 01:02:01.017258 [info] : --------------------------------------------------
2025-03-21 01:02:01.017261 [info] :                  the server config                
2025-03-21 01:02:01.017263 [info] : --------------------------------------------------
2025-03-21 01:02:01.017266 [info] : IP: 127.0.0.1
2025-03-21 01:02:01.017269 [info] : Port: 1316
2025-03-21 01:02:01.017271 [info] : Listen Mode: ET
2025-03-21 01:02:01.017274 [info] : Connect Mode: ET
2025-03-21 01:02:01.017276 [info] : SysLogLevel: 0
2025-03-21 01:02:01.017279 [info] : SqlConnPool num: 12
2025-03-21 01:02:01.017282 [info] : ThreadPool num: 6
2025-03-21 01:02:01.017285 [info] : ============== Server Start Success!==============
2025-03-21 01:02:07.620782 [info] : Client[6](127.0.0.1:50873) in, userCount:1
2025-03-21 01:02:07.620907 [error]: Connect failed!
2025-03-21 01:02:07.621069 [debug]: [GET], [/login.php?username=admin&password=123], [HTTP/1.1]
2025-03-21 01:02:07.621127 [debug]: filepath:/home/carmarfee/C++pro/CarWebServer/res//login.php?username=admin&password=123
2025-03-21 01:02:07.621166 [error]: Open file error
2025-03-21 01:02:07.622255 [info] : Client[6] quit!
2025-03-21 01:02:07.622533 [info] : Client[6](127.0.0.1:50873) quit, UserCount:0
2025-03-21 01:12:07.109352 [info] : ============== Server Init Success! ==============
2025-03-21 01:12:07.109382 [info] :           welcome to carmarfee's server           
2025-03-21 01:12:07.109385 [info] :                                      / _|         
2025-03-21 01:12:07.109387 [info] :   ___ __ _ _ __ _ __ ___   __ _ _ __| |_ ___  ___ 
2025-03-21 01:12:07.109540 [info] :  / __/ _` | '__| '_ ` _ \ / _` | '__|  _/ _ \/ _ \
2025-03-21 01:12:07.110290 [info] : | (_| (_| | |  | | | | | | (_| | |  | ||  __/  __/
2025-03-21 01:12:07.110551 [info] :  \___\__,_|_|  |_| |_| |_|\__,_|_|  |_| \___|\___|
2025-03-21 01:12:07.110640 [info] : --------------------------------------------------
2025-03-21 01:12:07.110698 [info] :                  the server config                
2025-03-21 01:12:07.110705 [info] : --------------------------------------------------
2025-03-21 01:12:07.110706 [info] : IP: 127.0.0.1
2025-03-21 01:12:07.110709 [info] : Port: 1316
2025-03-21 01:12:07.110711 [info] : Listen Mode: ET
2025-03-21 01:12:07.110737 [info] : Connect Mode: ET
2025-03-21 01:12:07.110759 [info] : SysLogLevel: 0
2025-03-21 01:12:07.110764 [info] : SqlConnPool num: 12
2025-03-21 01:12:07.110767 [info] : ThreadPool num: 6
2025-03-21 01:12:07.110770 [info] : ============== Server Start Success!==============
2025-03-21 01:12:16.739156 [info] : Client[6](127.0.0.1:24754) in, userCount:1
2025-03-21 01:12:16.739344 [error]: Connect failed!
2025-03-21 01:12:19.555740 [debug]: [GET], [login.html], [HTTP/1.1]
2025-03-21 01:12:19.555865 [debug]: filepath:/home/carmarfee/C++pro/CarWebServer/res/login.html
2025-03-21 01:12:19.563413 [info] : Client[6] quit!
2025-03-21 01:12:19.563777 [info] : Client[6](127.0.0.1:24754) quit, UserCount:0
