2025-03-22 01:08:29.152878 [info] : ============== Server Init Success! ==============
2025-03-22 01:08:29.152914 [info] :           welcome to carmarfee's server           
2025-03-22 01:08:29.152918 [info] :                                      / _|         
2025-03-22 01:08:29.152921 [info] :   ___ __ _ _ __ _ __ ___   __ _ _ __| |_ ___  ___ 
2025-03-22 01:08:29.152980 [info] :  / __/ _` | '__| '_ ` _ \ / _` | '__|  _/ _ \/ _ \
2025-03-22 01:08:29.152985 [info] : | (_| (_| | |  | | | | | | (_| | |  | ||  __/  __/
2025-03-22 01:08:29.152987 [info] :  \___\__,_|_|  |_| |_| |_|\__,_|_|  |_| \___|\___|
2025-03-22 01:08:29.152990 [info] : --------------------------------------------------
2025-03-22 01:08:29.152992 [info] :                  the server config                
2025-03-22 01:08:29.152996 [info] : --------------------------------------------------
2025-03-22 01:08:29.153227 [info] : IP: 127.0.0.1
2025-03-22 01:08:29.153255 [info] : Port: 1316
2025-03-22 01:08:29.153260 [info] : Listen Mode: ET
2025-03-22 01:08:29.153262 [info] : Connect Mode: ET
2025-03-22 01:08:29.153267 [info] : SysLogLevel: 0
2025-03-22 01:08:29.153271 [info] : SqlConnPool num: 12
2025-03-22 01:08:29.153288 [info] : ThreadPool num: 6
2025-03-22 01:08:29.153292 [info] : ============== Server Start Success!==============
2025-03-22 01:08:37.041121 [info] : Client[6](127.0.0.1:28860) in, userCount:1
2025-03-22 01:08:37.041323 [error]: Connect failed!
2025-03-22 01:30:59.853480 [info] : ============== Server Init Success! ==============
2025-03-22 01:30:59.853491 [info] :           welcome to carmarfee's server           
2025-03-22 01:30:59.853493 [info] :                                      / _|         
2025-03-22 01:30:59.853495 [info] :   ___ __ _ _ __ _ __ ___   __ _ _ __| |_ ___  ___ 
2025-03-22 01:30:59.853496 [info] :  / __/ _` | '__| '_ ` _ \ / _` | '__|  _/ _ \/ _ \
2025-03-22 01:30:59.853498 [info] : | (_| (_| | |  | | | | | | (_| | |  | ||  __/  __/
2025-03-22 01:30:59.853499 [info] :  \___\__,_|_|  |_| |_| |_|\__,_|_|  |_| \___|\___|
2025-03-22 01:30:59.853501 [info] : --------------------------------------------------
2025-03-22 01:30:59.853502 [info] :                  the server config                
2025-03-22 01:30:59.853503 [info] : --------------------------------------------------
2025-03-22 01:30:59.853505 [info] : IP: 127.0.0.1
2025-03-22 01:30:59.853506 [info] : Port: 1316
2025-03-22 01:30:59.853508 [info] : Listen Mode: ET
2025-03-22 01:30:59.853509 [info] : Connect Mode: ET
2025-03-22 01:30:59.853511 [info] : SysLogLevel: 0
2025-03-22 01:30:59.853513 [info] : SqlConnPool num: 12
2025-03-22 01:30:59.853514 [info] : ThreadPool num: 6
2025-03-22 01:30:59.853516 [info] : ============== Server Start Success!==============
2025-03-22 01:32:54.003979 [info] : Client[6](127.0.0.1:28356) in, userCount:1
2025-03-22 01:32:54.005216 [error]: Connect failed!
2025-03-22 01:33:00.919701 [debug]: [GET], [/login.php], [HTTP/1.1]
2025-03-22 01:35:31.619900 [info] : ============== Server Init Success! ==============
2025-03-22 01:35:31.619920 [info] :           welcome to carmarfee's server           
2025-03-22 01:35:31.619925 [info] :                                      / _|         
2025-03-22 01:35:31.619929 [info] :   ___ __ _ _ __ _ __ ___   __ _ _ __| |_ ___  ___ 
2025-03-22 01:35:31.619932 [info] :  / __/ _` | '__| '_ ` _ \ / _` | '__|  _/ _ \/ _ \
2025-03-22 01:35:31.619936 [info] : | (_| (_| | |  | | | | | | (_| | |  | ||  __/  __/
2025-03-22 01:35:31.619939 [info] :  \___\__,_|_|  |_| |_| |_|\__,_|_|  |_| \___|\___|
2025-03-22 01:35:31.619942 [info] : --------------------------------------------------
2025-03-22 01:35:31.619945 [info] :                  the server config                
2025-03-22 01:35:31.619948 [info] : --------------------------------------------------
2025-03-22 01:35:31.619951 [info] : IP: 127.0.0.1
2025-03-22 01:35:31.619955 [info] : Port: 1316
2025-03-22 01:35:31.619958 [info] : Listen Mode: ET
2025-03-22 01:35:31.619962 [info] : Connect Mode: ET
2025-03-22 01:35:31.619965 [info] : SysLogLevel: 0
2025-03-22 01:35:31.619968 [info] : SqlConnPool num: 12
2025-03-22 01:35:31.619972 [info] : ThreadPool num: 6
2025-03-22 01:35:31.619976 [info] : ============== Server Start Success!==============
2025-03-22 01:35:34.954352 [info] : Client[6](127.0.0.1:46730) in, userCount:1
2025-03-22 01:35:34.959533 [error]: Connect failed!
2025-03-22 01:35:39.186031 [debug]: [GET], [/login.php], [HTTP/1.1]
2025-03-22 01:35:39.186245 [debug]: filepath:/home/carmarfee/C++pro/CarWebServer/res//login.php
2025-03-22 01:37:45.156822 [info] : Client[6] quit!
2025-03-22 11:10:27.875121 [info] : ============== Server Init Success! ==============
2025-03-22 11:10:27.875163 [info] :           welcome to carmarfee's server           
2025-03-22 11:10:27.875169 [info] :                                      / _|         
2025-03-22 11:10:27.875172 [info] :   ___ __ _ _ __ _ __ ___   __ _ _ __| |_ ___  ___ 
2025-03-22 11:10:27.875175 [info] :  / __/ _` | '__| '_ ` _ \ / _` | '__|  _/ _ \/ _ \
2025-03-22 11:10:27.875276 [info] : | (_| (_| | |  | | | | | | (_| | |  | ||  __/  __/
2025-03-22 11:10:27.875682 [info] :  \___\__,_|_|  |_| |_| |_|\__,_|_|  |_| \___|\___|
2025-03-22 11:10:27.875865 [info] : --------------------------------------------------
2025-03-22 11:10:27.875969 [info] :                  the server config                
2025-03-22 11:10:27.876007 [info] : --------------------------------------------------
2025-03-22 11:10:27.876013 [info] : IP: 127.0.0.1
2025-03-22 11:10:27.876022 [info] : Port: 1316
2025-03-22 11:10:27.876027 [info] : Listen Mode: ET
2025-03-22 11:11:39.569680 [info] : ============== Server Init Success! ==============
2025-03-22 11:11:39.569714 [info] :           welcome to carmarfee's server           
2025-03-22 11:11:39.569720 [info] :                                      / _|         
2025-03-22 11:11:39.569723 [info] :   ___ __ _ _ __ _ __ ___   __ _ _ __| |_ ___  ___ 
2025-03-22 11:11:39.569725 [info] :  / __/ _` | '__| '_ ` _ \ / _` | '__|  _/ _ \/ _ \
2025-03-22 11:11:39.569807 [info] : | (_| (_| | |  | | | | | | (_| | |  | ||  __/  __/
2025-03-22 11:11:39.569814 [info] :  \___\__,_|_|  |_| |_| |_|\__,_|_|  |_| \___|\___|
2025-03-22 11:11:39.569981 [info] : --------------------------------------------------
2025-03-22 11:11:39.570071 [info] :                  the server config                
2025-03-22 11:11:39.570094 [info] : --------------------------------------------------
2025-03-22 11:11:39.570099 [info] : IP: 127.0.0.1
2025-03-22 11:11:39.570102 [info] : Port: 1316
2025-03-22 11:11:39.570105 [info] : Listen Mode: ET
2025-03-22 11:11:39.570108 [info] : Connect Mode: ET
2025-03-22 11:11:39.570111 [info] : SysLogLevel: 0
2025-03-22 11:11:39.570114 [info] : SqlConnPool num: 12
2025-03-22 11:11:39.570117 [info] : ThreadPool num: 6
2025-03-22 11:11:39.570120 [info] : ============== Server Start Success!==============
2025-03-22 11:11:46.544366 [info] : Client[6](127.0.0.1:24722) in, userCount:1
2025-03-22 11:11:46.544530 [error]: Connect failed!
2025-03-22 11:11:46.545236 [debug]: [GET], [/login.php], [HTTP/1.1]
2025-03-22 11:15:38.683056 [info] : ============== Server Init Success! ==============
2025-03-22 11:15:38.683091 [info] :           welcome to carmarfee's server           
2025-03-22 11:15:38.683095 [info] :                                      / _|         
2025-03-22 11:15:38.683097 [info] :   ___ __ _ _ __ _ __ ___   __ _ _ __| |_ ___  ___ 
2025-03-22 11:15:38.683100 [info] :  / __/ _` | '__| '_ ` _ \ / _` | '__|  _/ _ \/ _ \
2025-03-22 11:15:38.683102 [info] : | (_| (_| | |  | | | | | | (_| | |  | ||  __/  __/
2025-03-22 11:15:38.683104 [info] :  \___\__,_|_|  |_| |_| |_|\__,_|_|  |_| \___|\___|
2025-03-22 11:15:38.683106 [info] : --------------------------------------------------
2025-03-22 11:15:38.683108 [info] :                  the server config                
2025-03-22 11:15:38.683110 [info] : --------------------------------------------------
2025-03-22 11:15:38.683112 [info] : IP: 127.0.0.1
2025-03-22 11:15:38.683114 [info] : Port: 1316
2025-03-22 11:15:38.683116 [info] : Listen Mode: ET
2025-03-22 11:15:38.683118 [info] : Connect Mode: ET
2025-03-22 11:15:38.683197 [info] : SysLogLevel: 0
2025-03-22 11:15:38.683700 [info] : SqlConnPool num: 12
2025-03-22 11:15:38.683963 [info] : ThreadPool num: 6
2025-03-22 11:15:38.684010 [info] : ============== Server Start Success!==============
2025-03-22 11:15:42.026270 [info] : Client[6](127.0.0.1:61653) in, userCount:1
2025-03-22 11:15:42.026434 [error]: Connect failed!
2025-03-22 11:15:42.026683 [debug]: [GET], [/login.php], [HTTP/1.1]
2025-03-22 11:16:07.309508 [info] : ============== Server Init Success! ==============
2025-03-22 11:16:07.309553 [info] :           welcome to carmarfee's server           
2025-03-22 11:16:07.309558 [info] :                                      / _|         
2025-03-22 11:16:07.309561 [info] :   ___ __ _ _ __ _ __ ___   __ _ _ __| |_ ___  ___ 
2025-03-22 11:16:07.309563 [info] :  / __/ _` | '__| '_ ` _ \ / _` | '__|  _/ _ \/ _ \
2025-03-22 11:16:07.309566 [info] : | (_| (_| | |  | | | | | | (_| | |  | ||  __/  __/
2025-03-22 11:16:07.309569 [info] :  \___\__,_|_|  |_| |_| |_|\__,_|_|  |_| \___|\___|
2025-03-22 11:16:07.309571 [info] : --------------------------------------------------
2025-03-22 11:16:07.309573 [info] :                  the server config                
2025-03-22 11:16:07.309576 [info] : --------------------------------------------------
2025-03-22 11:16:07.309578 [info] : IP: 127.0.0.1
2025-03-22 11:16:07.309580 [info] : Port: 1316
2025-03-22 11:16:07.309583 [info] : Listen Mode: ET
2025-03-22 11:16:07.309585 [info] : Connect Mode: ET
2025-03-22 11:16:07.309588 [info] : SysLogLevel: 0
2025-03-22 11:16:07.309939 [info] : SqlConnPool num: 12
2025-03-22 11:16:07.309985 [info] : ThreadPool num: 6
2025-03-22 11:16:07.309992 [info] : ============== Server Start Success!==============
2025-03-22 11:16:09.361659 [info] : Client[6](127.0.0.1:2725) in, userCount:1
2025-03-22 11:16:09.361834 [error]: Connect failed!
2025-03-22 11:16:09.362233 [debug]: [GET], [/login.php], [HTTP/1.1]
2025-03-22 12:03:22.231524 [info] : ============== Server Init Success! ==============
2025-03-22 12:03:22.231565 [info] :           welcome to carmarfee's server           
2025-03-22 12:03:22.231569 [info] :                                      / _|         
2025-03-22 12:03:22.231572 [info] :   ___ __ _ _ __ _ __ ___   __ _ _ __| |_ ___  ___ 
2025-03-22 12:03:22.231574 [info] :  / __/ _` | '__| '_ ` _ \ / _` | '__|  _/ _ \/ _ \
2025-03-22 12:03:22.231577 [info] : | (_| (_| | |  | | | | | | (_| | |  | ||  __/  __/
2025-03-22 12:03:22.231579 [info] :  \___\__,_|_|  |_| |_| |_|\__,_|_|  |_| \___|\___|
2025-03-22 12:03:22.231581 [info] : --------------------------------------------------
2025-03-22 12:03:22.231584 [info] :                  the server config                
2025-03-22 12:03:22.231586 [info] : --------------------------------------------------
2025-03-22 12:03:22.231744 [info] : IP: 127.0.0.1
2025-03-22 12:03:22.232420 [info] : Port: 1316
2025-03-22 12:03:22.232504 [info] : Listen Mode: ET
2025-03-22 12:03:22.232666 [info] : Connect Mode: ET
2025-03-22 12:03:22.232809 [info] : SysLogLevel: 0
2025-03-22 12:03:22.232894 [info] : SqlConnPool num: 12
2025-03-22 12:03:22.233107 [info] : ThreadPool num: 6
2025-03-22 12:09:48.918927 [info] : ============== Server Init Success! ==============
2025-03-22 12:09:48.919014 [info] :           welcome to carmarfee's server           
2025-03-22 12:09:48.919135 [info] :                                      / _|         
2025-03-22 12:09:48.919947 [info] :   ___ __ _ _ __ _ __ ___   __ _ _ __| |_ ___  ___ 
2025-03-22 12:09:48.920015 [info] :  / __/ _` | '__| '_ ` _ \ / _` | '__|  _/ _ \/ _ \
2025-03-22 12:09:48.920056 [info] : | (_| (_| | |  | | | | | | (_| | |  | ||  __/  __/
2025-03-22 12:09:48.920063 [info] :  \___\__,_|_|  |_| |_| |_|\__,_|_|  |_| \___|\___|
2025-03-22 12:09:48.920090 [info] : --------------------------------------------------
2025-03-22 12:09:48.920096 [info] :                  the server config                
2025-03-22 12:09:48.920100 [info] : --------------------------------------------------
2025-03-22 12:09:48.920103 [info] : IP: 127.0.0.1
2025-03-22 12:09:48.920107 [info] : Port: 1316
2025-03-22 12:09:48.920111 [info] : Listen Mode: ET
2025-03-22 12:09:48.920114 [info] : Connect Mode: ET
2025-03-22 12:09:48.920117 [info] : SysLogLevel: 0
2025-03-22 12:09:48.920121 [info] : SqlConnPool num: 12
2025-03-22 12:09:48.920126 [info] : ThreadPool num: 6
2025-03-22 12:09:48.920129 [info] : ============== Server Start Success!==============
2025-03-22 12:10:02.118383 [info] : Client[6](127.0.0.1:9427) in, userCount:1
2025-03-22 12:10:02.118554 [error]: Connect failed!
2025-03-22 12:10:02.118737 [debug]: [GET], [/login.cgi], [HTTP/1.1]
2025-03-22 12:10:02.118798 [debug]: filepath:/home/carmarfee/C++pro/CarWebServer/res//login.cgi
2025-03-22 12:10:02.118869 [error]: Open file error
2025-03-22 12:11:12.262195 [info] : Client[6] quit!
2025-03-22 12:12:51.439599 [info] : ============== Server Init Success! ==============
2025-03-22 12:12:51.439636 [info] :           welcome to carmarfee's server           
2025-03-22 12:12:51.439640 [info] :                                      / _|         
2025-03-22 12:12:51.439642 [info] :   ___ __ _ _ __ _ __ ___   __ _ _ __| |_ ___  ___ 
2025-03-22 12:12:51.439645 [info] :  / __/ _` | '__| '_ ` _ \ / _` | '__|  _/ _ \/ _ \
2025-03-22 12:12:51.439717 [info] : | (_| (_| | |  | | | | | | (_| | |  | ||  __/  __/
2025-03-22 12:12:51.439723 [info] :  \___\__,_|_|  |_| |_| |_|\__,_|_|  |_| \___|\___|
2025-03-22 12:12:51.439726 [info] : --------------------------------------------------
2025-03-22 12:12:51.440037 [info] :                  the server config                
2025-03-22 12:12:51.440127 [info] : --------------------------------------------------
2025-03-22 12:12:51.440170 [info] : IP: 127.0.0.1
2025-03-22 12:12:51.440177 [info] : Port: 1316
2025-03-22 12:12:51.440181 [info] : Listen Mode: ET
2025-03-22 12:12:51.440247 [info] : Connect Mode: ET
2025-03-22 12:12:51.440334 [info] : SysLogLevel: 0
2025-03-22 12:12:51.440365 [info] : SqlConnPool num: 12
2025-03-22 12:12:51.440372 [info] : ThreadPool num: 6
2025-03-22 12:12:51.440421 [info] : ============== Server Start Success!==============
2025-03-22 12:12:56.612250 [info] : Client[6](127.0.0.1:9453) in, userCount:1
2025-03-22 12:12:56.612361 [error]: Connect failed!
2025-03-22 12:12:56.612524 [debug]: [GET], [/login.cgi], [HTTP/1.1]
2025-03-22 12:12:56.612675 [debug]: filepath:/home/carmarfee/C++pro/CarWebServer/res//login.cgi
2025-03-22 12:15:28.350641 [info] : ============== Server Init Success! ==============
2025-03-22 12:15:28.350682 [info] :           welcome to carmarfee's server           
2025-03-22 12:15:28.350688 [info] :                                      / _|         
2025-03-22 12:15:28.350691 [info] :   ___ __ _ _ __ _ __ ___   __ _ _ __| |_ ___  ___ 
2025-03-22 12:15:28.350694 [info] :  / __/ _` | '__| '_ ` _ \ / _` | '__|  _/ _ \/ _ \
2025-03-22 12:15:28.350808 [info] : | (_| (_| | |  | | | | | | (_| | |  | ||  __/  __/
2025-03-22 12:15:28.351313 [info] :  \___\__,_|_|  |_| |_| |_|\__,_|_|  |_| \___|\___|
2025-03-22 12:15:28.351404 [info] : --------------------------------------------------
2025-03-22 12:15:28.351461 [info] :                  the server config                
2025-03-22 12:15:28.351469 [info] : --------------------------------------------------
2025-03-22 12:15:28.351472 [info] : IP: 127.0.0.1
2025-03-22 12:15:28.351476 [info] : Port: 1316
2025-03-22 12:15:28.351479 [info] : Listen Mode: ET
2025-03-22 12:15:28.351482 [info] : Connect Mode: ET
2025-03-22 12:15:28.351485 [info] : SysLogLevel: 0
2025-03-22 12:15:28.351488 [info] : SqlConnPool num: 12
2025-03-22 12:15:28.351492 [info] : ThreadPool num: 6
2025-03-22 12:15:28.351496 [info] : ============== Server Start Success!==============
2025-03-22 12:15:36.873376 [info] : Client[6](127.0.0.1:44202) in, userCount:1
2025-03-22 12:15:36.873491 [error]: Connect failed!
2025-03-22 12:15:36.873655 [debug]: [GET], [/login.cgi], [HTTP/1.1]
2025-03-22 12:15:36.873737 [debug]: filepath:/home/carmarfee/C++pro/CarWebServer/res//login.cgi
2025-03-22 12:18:59.623715 [info] : ============== Server Init Success! ==============
2025-03-22 12:18:59.623763 [info] :           welcome to carmarfee's server           
2025-03-22 12:18:59.623769 [info] :                                      / _|         
2025-03-22 12:18:59.623884 [info] :   ___ __ _ _ __ _ __ ___   __ _ _ __| |_ ___  ___ 
2025-03-22 12:18:59.624059 [info] :  / __/ _` | '__| '_ ` _ \ / _` | '__|  _/ _ \/ _ \
2025-03-22 12:18:59.624124 [info] : | (_| (_| | |  | | | | | | (_| | |  | ||  __/  __/
2025-03-22 12:18:59.624132 [info] :  \___\__,_|_|  |_| |_| |_|\__,_|_|  |_| \___|\___|
2025-03-22 12:18:59.624136 [info] : --------------------------------------------------
2025-03-22 12:18:59.624140 [info] :                  the server config                
2025-03-22 12:18:59.624143 [info] : --------------------------------------------------
2025-03-22 12:18:59.624147 [info] : IP: 127.0.0.1
2025-03-22 12:18:59.624151 [info] : Port: 1316
2025-03-22 12:18:59.624160 [info] : Listen Mode: ET
2025-03-22 12:18:59.624191 [info] : Connect Mode: ET
2025-03-22 12:18:59.624197 [info] : SysLogLevel: 0
2025-03-22 12:18:59.624237 [info] : SqlConnPool num: 12
2025-03-22 12:18:59.624242 [info] : ThreadPool num: 6
2025-03-22 12:18:59.624245 [info] : ============== Server Start Success!==============
2025-03-22 12:19:03.572760 [info] : Client[6](127.0.0.1:36554) in, userCount:1
2025-03-22 12:19:03.572985 [error]: Connect failed!
2025-03-22 12:19:03.573248 [debug]: [GET], [/login.cgi], [HTTP/1.1]
2025-03-22 12:19:03.573321 [debug]: filepath:/home/carmarfee/C++pro/CarWebServer/res//login.cgi
2025-03-22 12:31:13.664747 [info] : ============== Server Init Success! ==============
2025-03-22 12:31:13.664796 [info] :           welcome to carmarfee's server           
2025-03-22 12:31:13.664802 [info] :                                      / _|         
2025-03-22 12:31:13.664806 [info] :   ___ __ _ _ __ _ __ ___   __ _ _ __| |_ ___  ___ 
2025-03-22 12:31:13.664903 [info] :  / __/ _` | '__| '_ ` _ \ / _` | '__|  _/ _ \/ _ \
2025-03-22 12:31:13.664925 [info] : | (_| (_| | |  | | | | | | (_| | |  | ||  __/  __/
2025-03-22 12:31:13.664930 [info] :  \___\__,_|_|  |_| |_| |_|\__,_|_|  |_| \___|\___|
2025-03-22 12:31:13.664933 [info] : --------------------------------------------------
2025-03-22 12:31:13.664936 [info] :                  the server config                
2025-03-22 12:31:13.665905 [info] : --------------------------------------------------
2025-03-22 12:31:13.666088 [info] : IP: 127.0.0.1
2025-03-22 12:31:13.666239 [info] : Port: 1316
2025-03-22 12:31:13.666358 [info] : Listen Mode: ET
2025-03-22 12:31:13.666486 [info] : Connect Mode: ET
2025-03-22 12:31:13.666621 [info] : SysLogLevel: 0
2025-03-22 12:31:13.666718 [info] : SqlConnPool num: 12
2025-03-22 12:31:13.666748 [info] : ThreadPool num: 6
2025-03-22 12:31:13.666753 [info] : ============== Server Start Success!==============
2025-03-22 12:31:21.227770 [info] : Client[6](127.0.0.1:25292) in, userCount:1
2025-03-22 12:31:21.227953 [error]: Connect failed!
2025-03-22 12:31:21.228394 [debug]: [GET], [/login.cgi], [HTTP/1.1]
2025-03-22 12:31:21.228455 [debug]: filepath:/home/carmarfee/C++pro/CarWebServer/res//login.cgi
2025-03-22 12:33:02.307660 [info] : ============== Server Init Success! ==============
2025-03-22 12:33:02.307717 [info] :           welcome to carmarfee's server           
2025-03-22 12:33:02.307725 [info] :                                      / _|         
2025-03-22 12:33:02.307729 [info] :   ___ __ _ _ __ _ __ ___   __ _ _ __| |_ ___  ___ 
2025-03-22 12:33:02.307733 [info] :  / __/ _` | '__| '_ ` _ \ / _` | '__|  _/ _ \/ _ \
2025-03-22 12:33:02.307737 [info] : | (_| (_| | |  | | | | | | (_| | |  | ||  __/  __/
2025-03-22 12:33:02.307741 [info] :  \___\__,_|_|  |_| |_| |_|\__,_|_|  |_| \___|\___|
2025-03-22 12:33:02.307744 [info] : --------------------------------------------------
2025-03-22 12:33:02.307748 [info] :                  the server config                
2025-03-22 12:33:02.307751 [info] : --------------------------------------------------
2025-03-22 12:33:02.307755 [info] : IP: 127.0.0.1
2025-03-22 12:33:02.307759 [info] : Port: 1316
2025-03-22 12:33:02.307763 [info] : Listen Mode: ET
2025-03-22 12:33:02.307767 [info] : Connect Mode: ET
2025-03-22 12:33:02.307770 [info] : SysLogLevel: 0
2025-03-22 12:33:02.307774 [info] : SqlConnPool num: 12
2025-03-22 12:33:02.307779 [info] : ThreadPool num: 6
2025-03-22 12:33:02.308095 [info] : ============== Server Start Success!==============
2025-03-22 12:33:03.808051 [info] : Client[6](127.0.0.1:6277) in, userCount:1
2025-03-22 12:33:03.808304 [error]: Connect failed!
2025-03-22 12:33:03.808618 [debug]: [GET], [/login.cgi], [HTTP/1.1]
2025-03-22 12:33:03.808709 [debug]: filepath:/home/carmarfee/C++pro/CarWebServer/res//login.cgi
2025-03-22 12:33:03.808769 [error]: Open file error
2025-03-22 12:35:03.449140 [info] : ============== Server Init Success! ==============
2025-03-22 12:35:03.449149 [info] :           welcome to carmarfee's server           
2025-03-22 12:35:03.449151 [info] :                                      / _|         
2025-03-22 12:35:03.449152 [info] :   ___ __ _ _ __ _ __ ___   __ _ _ __| |_ ___  ___ 
2025-03-22 12:35:03.449154 [info] :  / __/ _` | '__| '_ ` _ \ / _` | '__|  _/ _ \/ _ \
2025-03-22 12:35:03.449155 [info] : | (_| (_| | |  | | | | | | (_| | |  | ||  __/  __/
2025-03-22 12:35:03.449157 [info] :  \___\__,_|_|  |_| |_| |_|\__,_|_|  |_| \___|\___|
2025-03-22 12:35:03.449158 [info] : --------------------------------------------------
2025-03-22 12:35:03.449160 [info] :                  the server config                
2025-03-22 12:35:03.449161 [info] : --------------------------------------------------
2025-03-22 12:35:03.449162 [info] : IP: 127.0.0.1
2025-03-22 12:35:03.449164 [info] : Port: 1316
2025-03-22 12:35:03.449165 [info] : Listen Mode: ET
2025-03-22 12:35:03.449167 [info] : Connect Mode: ET
2025-03-22 12:35:03.449168 [info] : SysLogLevel: 0
2025-03-22 12:35:03.449170 [info] : SqlConnPool num: 12
2025-03-22 12:35:03.449230 [info] : ThreadPool num: 6
2025-03-22 12:35:03.449311 [info] : ============== Server Start Success!==============
2025-03-22 12:35:06.441637 [info] : Client[6](127.0.0.1:46739) in, userCount:1
2025-03-22 12:35:06.441751 [error]: Connect failed!
2025-03-22 12:35:06.441960 [debug]: [GET], [/login.cgi], [HTTP/1.1]
2025-03-22 12:35:06.442082 [debug]: filepath:/home/carmarfee/C++pro/CarWebServer/res//login.cgi
2025-03-22 13:07:52.893427 [info] : ============== Server Init Success! ==============
2025-03-22 13:07:52.893450 [info] :           welcome to carmarfee's server           
2025-03-22 13:07:52.893453 [info] :                                      / _|         
2025-03-22 13:07:52.893455 [info] :   ___ __ _ _ __ _ __ ___   __ _ _ __| |_ ___  ___ 
2025-03-22 13:07:52.893457 [info] :  / __/ _` | '__| '_ ` _ \ / _` | '__|  _/ _ \/ _ \
2025-03-22 13:07:52.893458 [info] : | (_| (_| | |  | | | | | | (_| | |  | ||  __/  __/
2025-03-22 13:07:52.893460 [info] :  \___\__,_|_|  |_| |_| |_|\__,_|_|  |_| \___|\___|
2025-03-22 13:07:52.893462 [info] : --------------------------------------------------
2025-03-22 13:07:52.893463 [info] :                  the server config                
2025-03-22 13:07:52.893465 [info] : --------------------------------------------------
2025-03-22 13:07:52.893466 [info] : IP: 127.0.0.1
2025-03-22 13:07:52.893468 [info] : Port: 1316
2025-03-22 13:07:52.893579 [info] : Listen Mode: ET
2025-03-22 13:07:52.894057 [info] : Connect Mode: ET
2025-03-22 13:07:52.894073 [info] : SysLogLevel: 0
2025-03-22 13:07:52.894075 [info] : SqlConnPool num: 12
2025-03-22 13:07:52.894078 [info] : ThreadPool num: 6
2025-03-22 13:07:52.894080 [info] : ============== Server Start Success!==============
2025-03-22 13:07:57.776909 [info] : Client[6](127.0.0.1:31963) in, userCount:1
2025-03-22 13:07:57.777029 [error]: Connect failed!
2025-03-22 13:07:57.777218 [debug]: [GET], [/login.cgi], [HTTP/1.1]
2025-03-22 13:07:57.777381 [debug]: filepath:/home/carmarfee/C++pro/CarWebServer/res//login.cgi
2025-03-22 13:17:06.803021 [info] : ============== Server Init Success! ==============
2025-03-22 13:17:06.803040 [info] :           welcome to carmarfee's server           
2025-03-22 13:17:06.803042 [info] :                                      / _|         
2025-03-22 13:17:06.803044 [info] :   ___ __ _ _ __ _ __ ___   __ _ _ __| |_ ___  ___ 
2025-03-22 13:17:06.803046 [info] :  / __/ _` | '__| '_ ` _ \ / _` | '__|  _/ _ \/ _ \
2025-03-22 13:17:06.803136 [info] : | (_| (_| | |  | | | | | | (_| | |  | ||  __/  __/
2025-03-22 13:17:06.803591 [info] :  \___\__,_|_|  |_| |_| |_|\__,_|_|  |_| \___|\___|
2025-03-22 13:17:06.803622 [info] : --------------------------------------------------
2025-03-22 13:17:06.803626 [info] :                  the server config                
2025-03-22 13:17:06.803663 [info] : --------------------------------------------------
2025-03-22 13:17:06.803670 [info] : IP: 127.0.0.1
2025-03-22 13:17:06.803685 [info] : Port: 1316
2025-03-22 13:17:06.803689 [info] : Listen Mode: ET
2025-03-22 13:17:06.803692 [info] : Connect Mode: ET
2025-03-22 13:17:06.803784 [info] : SysLogLevel: 0
2025-03-22 13:17:06.803805 [info] : SqlConnPool num: 12
2025-03-22 13:17:06.803811 [info] : ThreadPool num: 6
2025-03-22 13:17:06.803814 [info] : ============== Server Start Success!==============
2025-03-22 13:17:11.582949 [info] : Client[6](127.0.0.1:18632) in, userCount:1
2025-03-22 13:17:11.583054 [error]: Connect failed!
2025-03-22 13:17:11.583198 [debug]: [GET], [/login.cgi], [HTTP/1.1]
2025-03-22 13:17:11.583322 [debug]: filepath:/home/carmarfee/C++pro/CarWebServer/res//login.cgi
2025-03-22 13:17:11.583357 [error]: Open file error
2025-03-22 13:18:54.890655 [info] : Client[6] quit!
2025-03-22 13:26:40.356769 [info] : ============== Server Init Success! ==============
2025-03-22 13:26:40.356789 [info] :           welcome to carmarfee's server           
2025-03-22 13:26:40.356792 [info] :                                      / _|         
2025-03-22 13:26:40.356794 [info] :   ___ __ _ _ __ _ __ ___   __ _ _ __| |_ ___  ___ 
2025-03-22 13:26:40.356797 [info] :  / __/ _` | '__| '_ ` _ \ / _` | '__|  _/ _ \/ _ \
2025-03-22 13:26:40.356799 [info] : | (_| (_| | |  | | | | | | (_| | |  | ||  __/  __/
2025-03-22 13:26:40.356801 [info] :  \___\__,_|_|  |_| |_| |_|\__,_|_|  |_| \___|\___|
2025-03-22 13:26:40.356803 [info] : --------------------------------------------------
2025-03-22 13:26:40.356806 [info] :                  the server config                
2025-03-22 13:26:40.356808 [info] : --------------------------------------------------
2025-03-22 13:26:40.356810 [info] : IP: 127.0.0.1
2025-03-22 13:26:40.356813 [info] : Port: 1316
2025-03-22 13:26:40.356816 [info] : Listen Mode: ET
2025-03-22 13:26:40.356818 [info] : Connect Mode: ET
2025-03-22 13:26:40.356821 [info] : SysLogLevel: 0
2025-03-22 13:26:40.356823 [info] : SqlConnPool num: 12
2025-03-22 13:26:40.356826 [info] : ThreadPool num: 6
2025-03-22 13:26:40.356828 [info] : ============== Server Start Success!==============
2025-03-22 13:26:42.504416 [info] : Client[6](127.0.0.1:60078) in, userCount:1
2025-03-22 13:26:42.504930 [error]: Connect failed!
2025-03-22 13:26:42.505259 [debug]: [GET], [/login.cgi], [HTTP/1.1]
2025-03-22 13:31:42.843312 [info] : ============== Server Init Success! ==============
2025-03-22 13:31:42.843365 [info] :           welcome to carmarfee's server           
2025-03-22 13:31:42.843371 [info] :                                      / _|         
2025-03-22 13:31:42.843375 [info] :   ___ __ _ _ __ _ __ ___   __ _ _ __| |_ ___  ___ 
2025-03-22 13:31:42.843379 [info] :  / __/ _` | '__| '_ ` _ \ / _` | '__|  _/ _ \/ _ \
2025-03-22 13:31:42.843499 [info] : | (_| (_| | |  | | | | | | (_| | |  | ||  __/  __/
2025-03-22 13:31:42.843515 [info] :  \___\__,_|_|  |_| |_| |_|\__,_|_|  |_| \___|\___|
2025-03-22 13:31:42.844151 [info] : --------------------------------------------------
2025-03-22 13:31:42.844563 [info] :                  the server config                
2025-03-22 13:31:42.844708 [info] : --------------------------------------------------
2025-03-22 13:31:42.844812 [info] : IP: 127.0.0.1
2025-03-22 13:31:42.844847 [info] : Port: 1316
2025-03-22 13:31:42.844851 [info] : Listen Mode: ET
2025-03-22 13:31:42.844854 [info] : Connect Mode: ET
2025-03-22 13:31:42.844856 [info] : SysLogLevel: 0
2025-03-22 13:31:42.844870 [info] : SqlConnPool num: 12
2025-03-22 13:31:42.844990 [info] : ThreadPool num: 6
2025-03-22 13:31:42.845143 [info] : ============== Server Start Success!==============
2025-03-22 13:31:44.859207 [info] : Client[6](127.0.0.1:20670) in, userCount:1
2025-03-22 13:31:44.859373 [error]: Connect failed!
2025-03-22 13:31:44.859636 [debug]: [GET], [/login.cgi], [HTTP/1.1]
2025-03-22 13:31:44.859687 [debug]: filepath:/home/carmarfee/C++pro/CarWebServer/res//login.cgi
2025-03-22 13:33:50.576627 [info] : ============== Server Init Success! ==============
2025-03-22 13:33:50.576687 [info] :           welcome to carmarfee's server           
2025-03-22 13:33:50.576695 [info] :                                      / _|         
2025-03-22 13:33:50.576699 [info] :   ___ __ _ _ __ _ __ ___   __ _ _ __| |_ ___  ___ 
2025-03-22 13:33:50.576704 [info] :  / __/ _` | '__| '_ ` _ \ / _` | '__|  _/ _ \/ _ \
2025-03-22 13:33:50.576707 [info] : | (_| (_| | |  | | | | | | (_| | |  | ||  __/  __/
2025-03-22 13:33:50.576711 [info] :  \___\__,_|_|  |_| |_| |_|\__,_|_|  |_| \___|\___|
2025-03-22 13:33:50.576715 [info] : --------------------------------------------------
2025-03-22 13:33:50.576719 [info] :                  the server config                
2025-03-22 13:33:50.576838 [info] : --------------------------------------------------
2025-03-22 13:33:50.577764 [info] : IP: 127.0.0.1
2025-03-22 13:33:50.577846 [info] : Port: 1316
2025-03-22 13:33:50.577908 [info] : Listen Mode: ET
2025-03-22 13:33:50.577915 [info] : Connect Mode: ET
2025-03-22 13:33:50.577919 [info] : SysLogLevel: 0
2025-03-22 13:33:50.577924 [info] : SqlConnPool num: 12
2025-03-22 13:33:50.577933 [info] : ThreadPool num: 6
2025-03-22 13:33:50.577938 [info] : ============== Server Start Success!==============
2025-03-22 13:33:51.628845 [info] : Client[6](127.0.0.1:13522) in, userCount:1
2025-03-22 13:33:51.628956 [error]: Connect failed!
2025-03-22 13:33:51.629186 [debug]: [GET], [/login.cgi], [HTTP/1.1]
2025-03-22 13:33:51.629246 [debug]: filepath:/home/carmarfee/C++pro/CarWebServer/res//login.cgi
2025-03-22 13:35:13.146265 [info] : ============== Server Init Success! ==============
2025-03-22 13:35:13.146292 [info] :           welcome to carmarfee's server           
2025-03-22 13:35:13.146298 [info] :                                      / _|         
2025-03-22 13:35:13.146403 [info] :   ___ __ _ _ __ _ __ ___   __ _ _ __| |_ ___  ___ 
2025-03-22 13:35:13.146596 [info] :  / __/ _` | '__| '_ ` _ \ / _` | '__|  _/ _ \/ _ \
2025-03-22 13:35:13.146754 [info] : | (_| (_| | |  | | | | | | (_| | |  | ||  __/  __/
2025-03-22 13:35:13.146885 [info] :  \___\__,_|_|  |_| |_| |_|\__,_|_|  |_| \___|\___|
2025-03-22 13:35:13.147045 [info] : --------------------------------------------------
2025-03-22 13:35:13.147195 [info] :                  the server config                
2025-03-22 13:35:13.147333 [info] : --------------------------------------------------
2025-03-22 13:35:13.147525 [info] : IP: 127.0.0.1
2025-03-22 13:35:13.147661 [info] : Port: 1316
2025-03-22 13:35:13.147792 [info] : Listen Mode: ET
2025-03-22 13:35:13.147966 [info] : Connect Mode: ET
2025-03-22 13:35:13.148041 [info] : SysLogLevel: 0
2025-03-22 13:35:13.148099 [info] : SqlConnPool num: 12
2025-03-22 13:35:13.148131 [info] : ThreadPool num: 6
2025-03-22 13:35:13.148137 [info] : ============== Server Start Success!==============
2025-03-22 13:35:15.094676 [info] : Client[6](127.0.0.1:53930) in, userCount:1
2025-03-22 13:35:15.094818 [error]: Connect failed!
2025-03-22 13:35:15.094993 [debug]: [GET], [/login.cgi], [HTTP/1.1]
2025-03-22 13:35:15.095124 [debug]: filepath:/home/carmarfee/C++pro/CarWebServer/res//login.cgi
2025-03-22 13:35:15.095230 [error]: Open file error
2025-03-22 13:45:20.622549 [info] : ============== Server Init Success! ==============
2025-03-22 13:45:20.622612 [info] :           welcome to carmarfee's server           
2025-03-22 13:45:20.622699 [info] :                                      / _|         
2025-03-22 13:45:20.622821 [info] :   ___ __ _ _ __ _ __ ___   __ _ _ __| |_ ___  ___ 
2025-03-22 13:45:20.622936 [info] :  / __/ _` | '__| '_ ` _ \ / _` | '__|  _/ _ \/ _ \
2025-03-22 13:45:20.622968 [info] : | (_| (_| | |  | | | | | | (_| | |  | ||  __/  __/
2025-03-22 13:45:20.622972 [info] :  \___\__,_|_|  |_| |_| |_|\__,_|_|  |_| \___|\___|
2025-03-22 13:45:20.622974 [info] : --------------------------------------------------
2025-03-22 13:45:20.622975 [info] :                  the server config                
2025-03-22 13:45:20.623009 [info] : --------------------------------------------------
2025-03-22 13:45:20.623011 [info] : IP: 127.0.0.1
2025-03-22 13:45:20.623014 [info] : Port: 1316
2025-03-22 13:45:20.623133 [info] : Listen Mode: ET
2025-03-22 13:45:20.623240 [info] : Connect Mode: ET
2025-03-22 13:45:20.623273 [info] : SysLogLevel: 0
2025-03-22 13:45:20.623277 [info] : SqlConnPool num: 12
2025-03-22 13:45:20.623281 [info] : ThreadPool num: 6
2025-03-22 13:45:20.623314 [info] : ============== Server Start Success!==============
2025-03-22 13:45:22.719729 [info] : Client[6](127.0.0.1:13980) in, userCount:1
2025-03-22 13:45:22.719831 [error]: Connect failed!
2025-03-22 13:45:22.719983 [debug]: [GET], [/login.cgi], [HTTP/1.1]
2025-03-22 13:45:22.720050 [debug]: filepath:/home/carmarfee/C++pro/CarWebServer/res//login.cgi
2025-03-22 13:49:52.503405 [info] : ============== Server Init Success! ==============
2025-03-22 13:49:52.503458 [info] :           welcome to carmarfee's server           
2025-03-22 13:49:52.503466 [info] :                                      / _|         
2025-03-22 13:49:52.503470 [info] :   ___ __ _ _ __ _ __ ___   __ _ _ __| |_ ___  ___ 
2025-03-22 13:49:52.503893 [info] :  / __/ _` | '__| '_ ` _ \ / _` | '__|  _/ _ \/ _ \
2025-03-22 13:49:52.503917 [info] : | (_| (_| | |  | | | | | | (_| | |  | ||  __/  __/
2025-03-22 13:49:52.503922 [info] :  \___\__,_|_|  |_| |_| |_|\__,_|_|  |_| \___|\___|
2025-03-22 13:49:52.503926 [info] : --------------------------------------------------
2025-03-22 13:49:52.503929 [info] :                  the server config                
2025-03-22 13:49:52.504954 [info] : --------------------------------------------------
2025-03-22 13:49:52.505265 [info] : IP: 127.0.0.1
2025-03-22 13:49:52.505507 [info] : Port: 1316
2025-03-22 13:49:52.505776 [info] : Listen Mode: ET
2025-03-22 13:49:52.505933 [info] : Connect Mode: ET
2025-03-22 13:49:52.505954 [info] : SysLogLevel: 0
2025-03-22 13:49:52.505960 [info] : SqlConnPool num: 12
2025-03-22 13:49:52.505965 [info] : ThreadPool num: 6
2025-03-22 13:49:52.506012 [info] : ============== Server Start Success!==============
2025-03-22 13:49:53.525756 [info] : Client[6](127.0.0.1:27876) in, userCount:1
2025-03-22 13:49:53.525902 [error]: Connect failed!
2025-03-22 13:49:53.526457 [debug]: [GET], [/login.cgi], [HTTP/1.1]
2025-03-22 13:49:53.526794 [debug]: filepath:/home/carmarfee/C++pro/CarWebServer/res//login.cgi
2025-03-22 13:50:32.751689 [info] : ============== Server Init Success! ==============
2025-03-22 13:50:32.751720 [info] :           welcome to carmarfee's server           
2025-03-22 13:50:32.751724 [info] :                                      / _|         
2025-03-22 13:50:32.751726 [info] :   ___ __ _ _ __ _ __ ___   __ _ _ __| |_ ___  ___ 
2025-03-22 13:50:32.751729 [info] :  / __/ _` | '__| '_ ` _ \ / _` | '__|  _/ _ \/ _ \
2025-03-22 13:50:32.751823 [info] : | (_| (_| | |  | | | | | | (_| | |  | ||  __/  __/
2025-03-22 13:50:32.752000 [info] :  \___\__,_|_|  |_| |_| |_|\__,_|_|  |_| \___|\___|
2025-03-22 13:50:32.752176 [info] : --------------------------------------------------
2025-03-22 13:50:32.752455 [info] :                  the server config                
2025-03-22 13:50:32.752603 [info] : --------------------------------------------------
2025-03-22 13:50:32.752706 [info] : IP: 127.0.0.1
2025-03-22 13:50:32.753009 [info] : Port: 1316
2025-03-22 13:50:32.753323 [info] : Listen Mode: ET
2025-03-22 13:50:32.753443 [info] : Connect Mode: ET
2025-03-22 13:50:32.753547 [info] : SysLogLevel: 0
2025-03-22 13:50:32.753647 [info] : SqlConnPool num: 12
2025-03-22 13:50:32.753780 [info] : ThreadPool num: 6
2025-03-22 13:50:32.753887 [info] : ============== Server Start Success!==============
2025-03-22 13:50:37.064047 [info] : Client[6](127.0.0.1:15042) in, userCount:1
2025-03-22 13:50:37.064154 [error]: Connect failed!
2025-03-22 13:50:37.064319 [debug]: [GET], [/login.cgi], [HTTP/1.1]
2025-03-22 13:50:37.064566 [debug]: filepath:/home/carmarfee/C++pro/CarWebServer/res//login.cgi
2025-03-22 13:51:04.349796 [info] : ============== Server Init Success! ==============
2025-03-22 13:51:04.349870 [info] :           welcome to carmarfee's server           
2025-03-22 13:51:04.350139 [info] :                                      / _|         
2025-03-22 13:51:04.350489 [info] :   ___ __ _ _ __ _ __ ___   __ _ _ __| |_ ___  ___ 
2025-03-22 13:51:04.350784 [info] :  / __/ _` | '__| '_ ` _ \ / _` | '__|  _/ _ \/ _ \
2025-03-22 13:51:04.351030 [info] : | (_| (_| | |  | | | | | | (_| | |  | ||  __/  __/
2025-03-22 13:51:04.351329 [info] :  \___\__,_|_|  |_| |_| |_|\__,_|_|  |_| \___|\___|
2025-03-22 13:51:04.351588 [info] : --------------------------------------------------
2025-03-22 13:51:04.351648 [info] :                  the server config                
2025-03-22 13:51:04.351711 [info] : --------------------------------------------------
2025-03-22 13:51:04.351716 [info] : IP: 127.0.0.1
2025-03-22 13:51:04.351719 [info] : Port: 1316
2025-03-22 13:51:04.351723 [info] : Listen Mode: ET
2025-03-22 13:51:04.351900 [info] : Connect Mode: ET
2025-03-22 13:51:04.352131 [info] : SysLogLevel: 0
2025-03-22 13:51:04.352358 [info] : SqlConnPool num: 12
2025-03-22 13:51:04.352702 [info] : ThreadPool num: 6
2025-03-22 13:51:04.352896 [info] : ============== Server Start Success!==============
2025-03-22 13:51:06.388664 [info] : Client[6](127.0.0.1:53926) in, userCount:1
2025-03-22 13:51:06.388791 [error]: Connect failed!
2025-03-22 13:51:06.389013 [debug]: [GET], [/login.cgi], [HTTP/1.1]
2025-03-22 13:51:06.389213 [debug]: filepath:/home/carmarfee/C++pro/CarWebServer/res//login.cgi
2025-03-22 13:52:26.314333 [info] : ============== Server Init Success! ==============
2025-03-22 13:52:26.314375 [info] :           welcome to carmarfee's server           
2025-03-22 13:52:26.314381 [info] :                                      / _|         
2025-03-22 13:52:26.314467 [info] :   ___ __ _ _ __ _ __ ___   __ _ _ __| |_ ___  ___ 
2025-03-22 13:52:26.314597 [info] :  / __/ _` | '__| '_ ` _ \ / _` | '__|  _/ _ \/ _ \
2025-03-22 13:52:26.314612 [info] : | (_| (_| | |  | | | | | | (_| | |  | ||  __/  __/
2025-03-22 13:52:26.314617 [info] :  \___\__,_|_|  |_| |_| |_|\__,_|_|  |_| \___|\___|
2025-03-22 13:52:26.314621 [info] : --------------------------------------------------
2025-03-22 13:52:26.314624 [info] :                  the server config                
2025-03-22 13:52:26.314628 [info] : --------------------------------------------------
2025-03-22 13:52:26.314632 [info] : IP: 127.0.0.1
2025-03-22 13:52:26.314635 [info] : Port: 1316
2025-03-22 13:52:26.314639 [info] : Listen Mode: ET
2025-03-22 13:52:26.314642 [info] : Connect Mode: ET
2025-03-22 13:52:26.314645 [info] : SysLogLevel: 0
2025-03-22 13:52:26.314649 [info] : SqlConnPool num: 12
2025-03-22 13:52:26.314653 [info] : ThreadPool num: 6
2025-03-22 13:52:26.314656 [info] : ============== Server Start Success!==============
2025-03-22 13:52:30.867026 [info] : Client[6](127.0.0.1:42698) in, userCount:1
2025-03-22 13:52:30.867151 [error]: Connect failed!
2025-03-22 13:52:30.867342 [debug]: [GET], [/login.cgi], [HTTP/1.1]
2025-03-22 13:52:30.867483 [debug]: filepath:/home/carmarfee/C++pro/CarWebServer/res//login.cgi
2025-03-22 14:29:44.776751 [info] : ============== Server Init Success! ==============
2025-03-22 14:29:44.776787 [info] :           welcome to carmarfee's server           
2025-03-22 14:29:44.776792 [info] :                                      / _|         
2025-03-22 14:29:44.776795 [info] :   ___ __ _ _ __ _ __ ___   __ _ _ __| |_ ___  ___ 
2025-03-22 14:29:44.776798 [info] :  / __/ _` | '__| '_ ` _ \ / _` | '__|  _/ _ \/ _ \
2025-03-22 14:29:44.776800 [info] : | (_| (_| | |  | | | | | | (_| | |  | ||  __/  __/
2025-03-22 14:29:44.776803 [info] :  \___\__,_|_|  |_| |_| |_|\__,_|_|  |_| \___|\___|
2025-03-22 14:29:44.776805 [info] : --------------------------------------------------
2025-03-22 14:29:44.776808 [info] :                  the server config                
2025-03-22 14:29:44.777007 [info] : --------------------------------------------------
2025-03-22 14:29:44.777800 [info] : IP: 127.0.0.1
2025-03-22 14:29:44.777844 [info] : Port: 1316
2025-03-22 14:29:44.777850 [info] : Listen Mode: ET
2025-03-22 14:29:44.777936 [info] : Connect Mode: ET
2025-03-22 14:29:44.777951 [info] : SysLogLevel: 0
2025-03-22 14:29:44.777955 [info] : SqlConnPool num: 12
2025-03-22 14:29:44.777958 [info] : ThreadPool num: 6
2025-03-22 14:29:44.777961 [info] : ============== Server Start Success!==============
2025-03-22 14:29:45.787857 [info] : Client[6](127.0.0.1:10466) in, userCount:1
2025-03-22 14:29:45.787975 [error]: Connect failed!
2025-03-22 14:29:45.788222 [debug]: [GET], [/login.cgi], [HTTP/1.1]
2025-03-22 14:29:45.788288 [debug]: filepath:/home/carmarfee/C++pro/CarWebServer/res//login.cgi
2025-03-22 14:31:28.738490 [info] : ============== Server Init Success! ==============
2025-03-22 14:31:28.738571 [info] :           welcome to carmarfee's server           
2025-03-22 14:31:28.738765 [info] :                                      / _|         
2025-03-22 14:31:28.738786 [info] :   ___ __ _ _ __ _ __ ___   __ _ _ __| |_ ___  ___ 
2025-03-22 14:31:28.738793 [info] :  / __/ _` | '__| '_ ` _ \ / _` | '__|  _/ _ \/ _ \
2025-03-22 14:31:28.738799 [info] : | (_| (_| | |  | | | | | | (_| | |  | ||  __/  __/
2025-03-22 14:31:28.738804 [info] :  \___\__,_|_|  |_| |_| |_|\__,_|_|  |_| \___|\___|
2025-03-22 14:31:28.738809 [info] : --------------------------------------------------
2025-03-22 14:31:28.738814 [info] :                  the server config                
2025-03-22 14:31:28.738819 [info] : --------------------------------------------------
2025-03-22 14:31:28.738823 [info] : IP: 127.0.0.1
2025-03-22 14:31:28.738828 [info] : Port: 1316
2025-03-22 14:31:28.738833 [info] : Listen Mode: ET
2025-03-22 14:31:28.739691 [info] : Connect Mode: ET
2025-03-22 14:31:28.739878 [info] : SysLogLevel: 0
2025-03-22 14:31:28.740113 [info] : SqlConnPool num: 12
2025-03-22 14:31:28.740175 [info] : ThreadPool num: 6
2025-03-22 14:31:28.740181 [info] : ============== Server Start Success!==============
2025-03-22 14:31:29.935655 [info] : Client[6](127.0.0.1:39118) in, userCount:1
2025-03-22 14:31:29.935788 [error]: Connect failed!
2025-03-22 14:31:29.935993 [debug]: [GET], [/login.cgi], [HTTP/1.1]
2025-03-22 14:31:29.936049 [debug]: filepath:/home/carmarfee/C++pro/CarWebServer/res//login.cgi
2025-03-22 14:31:29.936079 [error]: Open file error
2025-03-22 14:34:15.816052 [info] : Client[6] quit!
2025-03-22 14:36:29.954422 [info] : ============== Server Init Success! ==============
2025-03-22 14:36:29.954517 [info] :           welcome to carmarfee's server           
2025-03-22 14:36:29.954526 [info] :                                      / _|         
2025-03-22 14:36:29.954530 [info] :   ___ __ _ _ __ _ __ ___   __ _ _ __| |_ ___  ___ 
2025-03-22 14:36:29.954534 [info] :  / __/ _` | '__| '_ ` _ \ / _` | '__|  _/ _ \/ _ \
2025-03-22 14:36:29.954538 [info] : | (_| (_| | |  | | | | | | (_| | |  | ||  __/  __/
2025-03-22 14:36:29.954541 [info] :  \___\__,_|_|  |_| |_| |_|\__,_|_|  |_| \___|\___|
2025-03-22 14:36:29.954544 [info] : --------------------------------------------------
2025-03-22 14:36:29.954547 [info] :                  the server config                
2025-03-22 14:36:29.954551 [info] : --------------------------------------------------
2025-03-22 14:36:29.954694 [info] : IP: 127.0.0.1
2025-03-22 14:36:29.954725 [info] : Port: 1316
2025-03-22 14:36:29.954731 [info] : Listen Mode: ET
2025-03-22 14:36:29.954734 [info] : Connect Mode: ET
2025-03-22 14:36:29.954738 [info] : SysLogLevel: 0
2025-03-22 14:36:29.954974 [info] : SqlConnPool num: 12
2025-03-22 14:36:29.955020 [info] : ThreadPool num: 6
2025-03-22 14:36:29.955027 [info] : ============== Server Start Success!==============
2025-03-22 14:36:33.154946 [info] : Client[6](127.0.0.1:41131) in, userCount:1
2025-03-22 14:36:33.155055 [error]: Connect failed!
2025-03-22 14:36:33.155851 [debug]: [GET], [/login.cgi], [HTTP/1.1]
2025-03-22 14:36:33.156021 [debug]: filepath:/home/carmarfee/C++pro/CarWebServer/res//login.cgi
2025-03-22 14:41:14.874141 [info] : ============== Server Init Success! ==============
2025-03-22 14:41:14.874219 [info] :           welcome to carmarfee's server           
2025-03-22 14:41:14.874230 [info] :                                      / _|         
2025-03-22 14:41:14.874356 [info] :   ___ __ _ _ __ _ __ ___   __ _ _ __| |_ ___  ___ 
2025-03-22 14:41:14.874988 [info] :  / __/ _` | '__| '_ ` _ \ / _` | '__|  _/ _ \/ _ \
2025-03-22 14:41:14.875068 [info] : | (_| (_| | |  | | | | | | (_| | |  | ||  __/  __/
2025-03-22 14:41:14.875085 [info] :  \___\__,_|_|  |_| |_| |_|\__,_|_|  |_| \___|\___|
2025-03-22 14:41:14.875089 [info] : --------------------------------------------------
2025-03-22 14:41:14.875090 [info] :                  the server config                
2025-03-22 14:41:14.875094 [info] : --------------------------------------------------
2025-03-22 14:41:14.875096 [info] : IP: 127.0.0.1
2025-03-22 14:41:14.875100 [info] : Port: 1316
2025-03-22 14:41:14.875103 [info] : Listen Mode: ET
2025-03-22 14:41:14.875104 [info] : Connect Mode: ET
2025-03-22 14:41:14.875108 [info] : SysLogLevel: 0
2025-03-22 14:41:14.875110 [info] : SqlConnPool num: 12
2025-03-22 14:41:14.875114 [info] : ThreadPool num: 6
2025-03-22 14:41:14.875147 [info] : ============== Server Start Success!==============
2025-03-22 14:41:17.799829 [info] : Client[6](127.0.0.1:11999) in, userCount:1
2025-03-22 14:41:17.799964 [error]: Connect failed!
2025-03-22 14:41:17.800114 [debug]: [GET], [/login.cgi], [HTTP/1.1]
2025-03-22 14:41:17.800207 [debug]: filepath:/home/carmarfee/C++pro/CarWebServer/res//login.cgi
2025-03-22 14:46:27.839463 [info] : ============== Server Init Success! ==============
2025-03-22 14:46:27.839508 [info] :           welcome to carmarfee's server           
2025-03-22 14:46:27.839514 [info] :                                      / _|         
2025-03-22 14:46:27.839518 [info] :   ___ __ _ _ __ _ __ ___   __ _ _ __| |_ ___  ___ 
2025-03-22 14:46:27.839522 [info] :  / __/ _` | '__| '_ ` _ \ / _` | '__|  _/ _ \/ _ \
2025-03-22 14:46:27.839650 [info] : | (_| (_| | |  | | | | | | (_| | |  | ||  __/  __/
2025-03-22 14:46:27.839674 [info] :  \___\__,_|_|  |_| |_| |_|\__,_|_|  |_| \___|\___|
2025-03-22 14:46:27.839678 [info] : --------------------------------------------------
2025-03-22 14:46:27.839682 [info] :                  the server config                
2025-03-22 14:46:27.839685 [info] : --------------------------------------------------
2025-03-22 14:46:27.839689 [info] : IP: 127.0.0.1
2025-03-22 14:46:27.839693 [info] : Port: 1316
2025-03-22 14:46:27.840688 [info] : Listen Mode: ET
2025-03-22 14:46:27.840768 [info] : Connect Mode: ET
2025-03-22 14:46:27.840829 [info] : SysLogLevel: 0
2025-03-22 14:46:27.840836 [info] : SqlConnPool num: 12
2025-03-22 14:46:27.840841 [info] : ThreadPool num: 6
2025-03-22 14:46:27.840845 [info] : ============== Server Start Success!==============
2025-03-22 14:46:29.882651 [info] : Client[6](127.0.0.1:44714) in, userCount:1
2025-03-22 14:46:29.882854 [error]: Connect failed!
2025-03-22 14:46:29.883205 [debug]: [GET], [/login.cgi], [HTTP/1.1]
2025-03-22 14:46:29.883297 [debug]: filepath:/home/carmarfee/C++pro/CarWebServer/res//login.cgi
2025-03-22 14:46:29.883345 [error]: Open file error
2025-03-22 14:47:38.809918 [info] : Client[6] quit!
2025-03-22 14:48:19.920556 [info] : ============== Server Init Success! ==============
2025-03-22 14:48:19.920592 [info] :           welcome to carmarfee's server           
2025-03-22 14:48:19.920597 [info] :                                      / _|         
2025-03-22 14:48:19.920599 [info] :   ___ __ _ _ __ _ __ ___   __ _ _ __| |_ ___  ___ 
2025-03-22 14:48:19.920601 [info] :  / __/ _` | '__| '_ ` _ \ / _` | '__|  _/ _ \/ _ \
2025-03-22 14:48:19.920603 [info] : | (_| (_| | |  | | | | | | (_| | |  | ||  __/  __/
2025-03-22 14:48:19.920606 [info] :  \___\__,_|_|  |_| |_| |_|\__,_|_|  |_| \___|\___|
2025-03-22 14:48:19.920680 [info] : --------------------------------------------------
2025-03-22 14:48:19.920845 [info] :                  the server config                
2025-03-22 14:48:19.921162 [info] : --------------------------------------------------
2025-03-22 14:48:19.921247 [info] : IP: 127.0.0.1
2025-03-22 14:48:19.921273 [info] : Port: 1316
2025-03-22 14:48:19.921277 [info] : Listen Mode: ET
2025-03-22 14:48:19.921279 [info] : Connect Mode: ET
2025-03-22 14:48:19.921281 [info] : SysLogLevel: 0
2025-03-22 14:48:19.921283 [info] : SqlConnPool num: 12
2025-03-22 14:48:19.921286 [info] : ThreadPool num: 6
2025-03-22 14:48:19.921321 [info] : ============== Server Start Success!==============
2025-03-22 14:48:28.181918 [info] : Client[6](127.0.0.1:63156) in, userCount:1
2025-03-22 14:48:28.182034 [info] : Client[7](127.0.0.1:64180) in, userCount:2
2025-03-22 14:48:28.182049 [error]: Connect failed!
2025-03-22 14:48:28.182178 [debug]: [GET], [login.html], [HTTP/1.1]
2025-03-22 14:48:28.182258 [debug]: filepath:/home/carmarfee/C++pro/CarWebServer/res/login.html
2025-03-22 14:48:28.429648 [info] : Client[8](127.0.0.1:181) in, userCount:3
2025-03-22 14:48:28.429777 [error]: Connect failed!
2025-03-22 14:48:35.496835 [debug]: [GET], [/login.php], [HTTP/1.1]
2025-03-22 14:48:35.497935 [debug]: filepath:/home/carmarfee/C++pro/CarWebServer/res//login.php
2025-03-22 14:48:35.498159 [error]: Open file error
2025-03-22 14:48:35.498718 [info] : Client[6] quit!
2025-03-22 14:48:35.498862 [info] : Client[6](127.0.0.1:63156) quit, UserCount:2
2025-03-22 14:48:35.507411 [info] : Client[7] quit!
2025-03-22 14:48:35.507620 [info] : Client[7](127.0.0.1:64180) quit, UserCount:1
2025-03-22 14:48:36.531258 [debug]: [GET], [/favicon.ico], [HTTP/1.1]
2025-03-22 14:48:36.531479 [debug]: filepath:/home/carmarfee/C++pro/CarWebServer/res//favicon.ico
2025-03-22 14:48:36.531577 [error]: Open file error
2025-03-22 14:49:28.238940 [info] : Client[7] quit!
2025-03-22 14:49:35.506242 [info] : Client[6] quit!
2025-03-22 15:16:09.610568 [info] : ============== Server Init Success! ==============
2025-03-22 15:16:09.610579 [info] :           welcome to carmarfee's server           
2025-03-22 15:16:09.610581 [info] :                                      / _|         
2025-03-22 15:16:09.610583 [info] :   ___ __ _ _ __ _ __ ___   __ _ _ __| |_ ___  ___ 
2025-03-22 15:16:09.610584 [info] :  / __/ _` | '__| '_ ` _ \ / _` | '__|  _/ _ \/ _ \
2025-03-22 15:16:09.610586 [info] : | (_| (_| | |  | | | | | | (_| | |  | ||  __/  __/
2025-03-22 15:16:09.610587 [info] :  \___\__,_|_|  |_| |_| |_|\__,_|_|  |_| \___|\___|
2025-03-22 15:16:09.610589 [info] : --------------------------------------------------
2025-03-22 15:16:09.610590 [info] :                  the server config                
2025-03-22 15:16:09.610592 [info] : --------------------------------------------------
2025-03-22 15:16:09.610593 [info] : IP: 127.0.0.1
2025-03-22 15:16:09.610595 [info] : Port: 1316
2025-03-22 15:16:09.610596 [info] : Listen Mode: ET
2025-03-22 15:16:09.610597 [info] : Connect Mode: ET
2025-03-22 15:16:09.610599 [info] : SysLogLevel: 0
2025-03-22 15:16:09.610600 [info] : SqlConnPool num: 12
2025-03-22 15:16:09.610645 [info] : ThreadPool num: 6
2025-03-22 15:16:09.610648 [info] : ============== Server Start Success!==============
2025-03-22 15:16:18.927423 [info] : Client[6](127.0.0.1:41170) in, userCount:1
2025-03-22 15:16:18.932783 [info] : Client[7](127.0.0.1:42194) in, userCount:2
2025-03-22 15:16:18.932953 [error]: Connect failed!
2025-03-22 15:16:18.933325 [debug]: [GET], [/login.php], [HTTP/1.1]
2025-03-22 15:16:18.933608 [debug]: filepath:/home/carmarfee/C++pro/CarWebServer/res//login.php
2025-03-22 15:16:18.933692 [error]: Open file error
2025-03-22 15:16:19.184101 [info] : Client[9](127.0.0.1:44754) in, userCount:3
2025-03-22 15:16:19.184191 [error]: Connect failed!
2025-03-22 15:17:18.992198 [info] : Client[7] quit!
2025-03-22 15:17:18.998913 [info] : Client[7](127.0.0.1:42194) quit, UserCount:2
2025-03-22 15:17:18.998995 [info] : Client[6] quit!
2025-03-22 15:17:18.999026 [info] : Client[6](127.0.0.1:41170) quit, UserCount:1
2025-03-22 15:17:19.184319 [info] : Client[9] quit!
2025-03-22 15:21:58.420571 [info] : ============== Server Init Success! ==============
2025-03-22 15:21:58.420582 [info] :           welcome to carmarfee's server           
2025-03-22 15:21:58.420584 [info] :                                      / _|         
2025-03-22 15:21:58.420585 [info] :   ___ __ _ _ __ _ __ ___   __ _ _ __| |_ ___  ___ 
2025-03-22 15:21:58.420587 [info] :  / __/ _` | '__| '_ ` _ \ / _` | '__|  _/ _ \/ _ \
2025-03-22 15:21:58.420588 [info] : | (_| (_| | |  | | | | | | (_| | |  | ||  __/  __/
2025-03-22 15:21:58.420590 [info] :  \___\__,_|_|  |_| |_| |_|\__,_|_|  |_| \___|\___|
2025-03-22 15:21:58.420591 [info] : --------------------------------------------------
2025-03-22 15:21:58.420593 [info] :                  the server config                
2025-03-22 15:21:58.420594 [info] : --------------------------------------------------
2025-03-22 15:21:58.420596 [info] : IP: 127.0.0.1
2025-03-22 15:21:58.420597 [info] : Port: 1316
2025-03-22 15:21:58.420599 [info] : Listen Mode: ET
2025-03-22 15:21:58.420600 [info] : Connect Mode: ET
2025-03-22 15:21:58.420602 [info] : SysLogLevel: 0
2025-03-22 15:21:58.420603 [info] : SqlConnPool num: 12
2025-03-22 15:21:58.420605 [info] : ThreadPool num: 6
2025-03-22 15:21:58.420606 [info] : ============== Server Start Success!==============
2025-03-22 15:22:01.705586 [info] : Client[6](127.0.0.1:52401) in, userCount:1
2025-03-22 15:22:01.709967 [info] : Client[7](127.0.0.1:51889) in, userCount:2
2025-03-22 15:22:01.710077 [error]: Connect failed!
2025-03-22 15:22:01.710225 [debug]: [GET], [/login.php], [HTTP/1.1]
2025-03-22 15:22:01.710303 [debug]: filepath:/home/carmarfee/C++pro/CarWebServer/res//login.php
2025-03-22 15:22:01.710338 [error]: Open file error
2025-03-22 15:22:01.973893 [info] : Client[9](127.0.0.1:59569) in, userCount:3
2025-03-22 15:22:01.974010 [error]: Connect failed!
2025-03-22 15:23:01.769013 [info] : Client[6] quit!
2025-03-22 15:23:01.771148 [info] : Client[6](127.0.0.1:52401) quit, UserCount:2
2025-03-22 15:23:01.771406 [info] : Client[7] quit!
2025-03-22 15:23:01.771607 [info] : Client[7](127.0.0.1:51889) quit, UserCount:1
2025-03-22 15:23:01.973907 [info] : Client[9] quit!
2025-03-22 15:23:01.974068 [info] : Client[9](127.0.0.1:59569) quit, UserCount:0
2025-03-22 15:23:04.499560 [info] : Client[6](127.0.0.1:62668) in, userCount:1
2025-03-22 15:23:04.499750 [error]: Connect failed!
2025-03-22 15:23:04.499944 [debug]: [GET], [/login.php], [HTTP/1.1]
2025-03-22 15:23:04.500105 [info] : Client[7](127.0.0.1:63692) in, userCount:2
2025-03-22 15:23:04.500207 [error]: Connect failed!
2025-03-22 15:23:04.500265 [debug]: filepath:/home/carmarfee/C++pro/CarWebServer/res//login.php
2025-03-22 15:23:04.500345 [error]: Open file error
2025-03-22 15:23:04.761686 [info] : Client[10](127.0.0.1:1741) in, userCount:3
2025-03-22 15:23:04.762074 [error]: Connect failed!
2025-03-22 15:23:13.842972 [info] : Client[6] quit!
2025-03-22 15:23:13.843220 [info] : Client[6](127.0.0.1:62668) quit, UserCount:2
2025-03-22 15:23:13.844655 [debug]: [GET], [/login.cgi], [HTTP/1.1]
2025-03-22 15:23:13.844844 [debug]: filepath:/home/carmarfee/C++pro/CarWebServer/res//login.cgi
2025-03-22 15:23:13.844887 [error]: Open file error
2025-03-22 15:24:04.790286 [info] : Client[10] quit!
2025-03-22 15:24:04.790614 [info] : Client[10](127.0.0.1:1741) quit, UserCount:1
2025-03-22 15:24:13.851843 [info] : Client[6] quit!
2025-03-22 15:24:13.851949 [info] : Client[7] quit!
2025-03-22 17:10:51.314772 [info] : ============== Server Init Success! ==============
2025-03-22 17:10:51.314788 [info] :           welcome to carmarfee's server           
2025-03-22 17:10:51.314791 [info] :                                      / _|         
2025-03-22 17:10:51.314793 [info] :   ___ __ _ _ __ _ __ ___   __ _ _ __| |_ ___  ___ 
2025-03-22 17:10:51.314849 [info] :  / __/ _` | '__| '_ ` _ \ / _` | '__|  _/ _ \/ _ \
2025-03-22 17:10:51.320543 [info] : | (_| (_| | |  | | | | | | (_| | |  | ||  __/  __/
2025-03-22 17:10:51.320612 [info] :  \___\__,_|_|  |_| |_| |_|\__,_|_|  |_| \___|\___|
2025-03-22 17:10:51.320615 [info] : --------------------------------------------------
2025-03-22 17:10:51.320617 [info] :                  the server config                
2025-03-22 17:10:51.320619 [info] : --------------------------------------------------
2025-03-22 17:10:51.320620 [info] : IP: 127.0.0.1
2025-03-22 17:10:51.320623 [info] : Port: 1316
2025-03-22 17:10:51.320624 [info] : Listen Mode: ET
2025-03-22 17:10:51.320626 [info] : Connect Mode: ET
2025-03-22 17:10:51.320627 [info] : SysLogLevel: 0
2025-03-22 17:10:51.320629 [info] : SqlConnPool num: 12
2025-03-22 17:10:51.320698 [info] : ThreadPool num: 6
2025-03-22 17:10:51.320708 [info] : ============== Server Start Success!==============
2025-03-22 17:11:05.563500 [info] : Client[6](127.0.0.1:8409) in, userCount:1
2025-03-22 17:11:05.563714 [error]: Connect failed!
2025-03-22 17:11:05.563762 [info] : Client[7](127.0.0.1:11481) in, userCount:2
2025-03-22 17:11:05.563788 [error]: Connect failed!
2025-03-22 17:11:05.564094 [debug]: [GET], [/login.html], [HTTP/1.1]
2025-03-22 17:11:05.564199 [debug]: filepath:/home/carmarfee/C++pro/CarWebServer/res//login.html
2025-03-22 17:11:05.813145 [info] : Client[8](127.0.0.1:14041) in, userCount:3
2025-03-22 17:11:05.813229 [error]: Connect failed!
2025-03-22 17:11:17.748404 [debug]: [GET], [/login.cgi], [HTTP/1.1]
2025-03-22 17:11:17.748487 [debug]: filepath:/home/carmarfee/C++pro/CarWebServer/res//login.cgi
2025-03-22 17:11:17.748577 [error]: Open file error
2025-03-22 17:13:09.009581 [info] : ============== Server Init Success! ==============
2025-03-22 17:13:09.009626 [info] :           welcome to carmarfee's server           
2025-03-22 17:13:09.009632 [info] :                                      / _|         
2025-03-22 17:13:09.009636 [info] :   ___ __ _ _ __ _ __ ___   __ _ _ __| |_ ___  ___ 
2025-03-22 17:13:09.009639 [info] :  / __/ _` | '__| '_ ` _ \ / _` | '__|  _/ _ \/ _ \
2025-03-22 17:13:09.009642 [info] : | (_| (_| | |  | | | | | | (_| | |  | ||  __/  __/
2025-03-22 17:13:09.009645 [info] :  \___\__,_|_|  |_| |_| |_|\__,_|_|  |_| \___|\___|
2025-03-22 17:13:09.009649 [info] : --------------------------------------------------
2025-03-22 17:13:09.009652 [info] :                  the server config                
2025-03-22 17:13:09.009655 [info] : --------------------------------------------------
2025-03-22 17:13:09.009659 [info] : IP: 127.0.0.1
2025-03-22 17:13:09.009796 [info] : Port: 1316
2025-03-22 17:13:09.009817 [info] : Listen Mode: ET
2025-03-22 17:13:09.009822 [info] : Connect Mode: ET
2025-03-22 17:13:09.010003 [info] : SysLogLevel: 0
2025-03-22 17:13:09.010037 [info] : SqlConnPool num: 12
2025-03-22 17:13:09.010046 [info] : ThreadPool num: 6
2025-03-22 17:13:09.010052 [info] : ============== Server Start Success!==============
2025-03-22 17:13:11.815251 [info] : Client[6](127.0.0.1:3291) in, userCount:1
2025-03-22 17:13:11.815430 [error]: Connect failed!
2025-03-22 17:13:11.816592 [debug]: [GET], [/login.cgi], [HTTP/1.1]
2025-03-22 17:13:11.816832 [debug]: filepath:/home/carmarfee/C++pro/CarWebServer/res//login.cgi
2025-03-22 17:13:11.816926 [error]: Open file error
2025-03-22 17:26:30.810049 [info] : ============== Server Init Success! ==============
2025-03-22 17:26:30.810073 [info] :           welcome to carmarfee's server           
2025-03-22 17:26:30.810075 [info] :                                      / _|         
2025-03-22 17:26:30.810077 [info] :   ___ __ _ _ __ _ __ ___   __ _ _ __| |_ ___  ___ 
2025-03-22 17:26:30.810079 [info] :  / __/ _` | '__| '_ ` _ \ / _` | '__|  _/ _ \/ _ \
2025-03-22 17:26:30.810080 [info] : | (_| (_| | |  | | | | | | (_| | |  | ||  __/  __/
2025-03-22 17:26:30.810082 [info] :  \___\__,_|_|  |_| |_| |_|\__,_|_|  |_| \___|\___|
2025-03-22 17:26:30.810083 [info] : --------------------------------------------------
2025-03-22 17:26:30.810085 [info] :                  the server config                
2025-03-22 17:26:30.810086 [info] : --------------------------------------------------
2025-03-22 17:26:30.810087 [info] : IP: 127.0.0.1
2025-03-22 17:26:30.810089 [info] : Port: 1316
2025-03-22 17:26:30.810102 [info] : Listen Mode: ET
2025-03-22 17:26:30.810104 [info] : Connect Mode: ET
2025-03-22 17:26:30.811657 [info] : SysLogLevel: 0
2025-03-22 17:26:30.811773 [info] : SqlConnPool num: 12
2025-03-22 17:26:30.811790 [info] : ThreadPool num: 6
2025-03-22 17:26:30.811792 [info] : ============== Server Start Success!==============
2025-03-22 17:26:32.588023 [info] : Client[6](127.0.0.1:15508) in, userCount:1
2025-03-22 17:26:32.588334 [error]: Connect failed!
2025-03-22 17:26:32.588794 [debug]: [GET], [login.html], [HTTP/1.1]
2025-03-22 17:26:32.588967 [debug]: filepath:/home/carmarfee/C++pro/CarWebServer/res/login.html
2025-03-22 17:26:32.589536 [info] : Client[7](127.0.0.1:19092) in, userCount:2
2025-03-22 17:26:32.589651 [error]: Connect failed!
2025-03-22 17:26:32.840362 [info] : Client[8](127.0.0.1:22676) in, userCount:3
2025-03-22 17:26:32.840582 [error]: Connect failed!
2025-03-22 17:26:43.778379 [debug]: [GET], [/login.cgi], [HTTP/1.1]
2025-03-22 17:26:43.778487 [debug]: filepath:/home/carmarfee/C++pro/CarWebServer/res//login.cgi
2025-03-22 17:26:43.778678 [error]: Open file error
2025-03-22 17:26:43.797613 [info] : Client[6] quit!
2025-03-22 17:26:43.798001 [info] : Client[6](127.0.0.1:15508) quit, UserCount:2
2025-03-22 17:26:50.856766 [info] : Client[7] quit!
2025-03-22 17:26:50.856989 [info] : Client[7](127.0.0.1:19092) quit, UserCount:1
2025-03-22 17:26:50.858390 [debug]: [GET], [login.html], [HTTP/1.1]
2025-03-22 17:26:50.859524 [debug]: filepath:/home/carmarfee/C++pro/CarWebServer/res/login.html
2025-03-22 17:26:57.193235 [info] : Client[6](127.0.0.1:63681) in, userCount:2
2025-03-22 17:26:57.193351 [error]: Connect failed!
2025-03-22 17:26:57.193626 [debug]: [GET], [/login.cgi], [HTTP/1.1]
2025-03-22 17:26:57.193813 [debug]: filepath:/home/carmarfee/C++pro/CarWebServer/res//login.cgi
2025-03-22 17:26:57.193931 [error]: Open file error
2025-03-22 17:26:57.203848 [info] : Client[8] quit!
2025-03-22 17:26:57.204116 [info] : Client[8](127.0.0.1:22676) quit, UserCount:1
2025-03-22 17:27:12.173077 [info] : Client[6] quit!
2025-03-22 17:27:12.173222 [info] : Client[6](127.0.0.1:63681) quit, UserCount:0
2025-03-22 17:27:12.480552 [info] : Client[6](127.0.0.1:58075) in, userCount:1
2025-03-22 17:27:12.480773 [error]: Connect failed!
2025-03-22 17:27:12.481048 [debug]: [GET], [login.html], [HTTP/1.1]
2025-03-22 17:27:12.481148 [debug]: filepath:/home/carmarfee/C++pro/CarWebServer/res/login.html
2025-03-22 17:27:41.045879 [info] : Client[8](127.0.0.1:654) in, userCount:2
2025-03-22 17:27:41.045989 [error]: Connect failed!
2025-03-22 17:27:41.046240 [debug]: [GET], [/login.cgi], [HTTP/1.1]
2025-03-22 17:27:41.046334 [debug]: filepath:/home/carmarfee/C++pro/CarWebServer/res//login.cgi
2025-03-22 17:27:41.046439 [error]: Open file error
2025-03-22 17:27:41.052953 [info] : Client[6] quit!
2025-03-22 17:27:41.053194 [info] : Client[6](127.0.0.1:58075) quit, UserCount:1
2025-03-22 17:27:50.866380 [info] : Client[7] quit!
2025-03-22 17:28:12.482022 [info] : Client[6] quit!
2025-03-22 17:28:41.068433 [info] : Client[8] quit!
2025-03-22 17:35:56.308835 [info] : ============== Server Init Success! ==============
2025-03-22 17:35:56.308862 [info] :           welcome to carmarfee's server           
2025-03-22 17:35:56.308866 [info] :                                      / _|         
2025-03-22 17:35:56.308868 [info] :   ___ __ _ _ __ _ __ ___   __ _ _ __| |_ ___  ___ 
2025-03-22 17:35:56.308871 [info] :  / __/ _` | '__| '_ ` _ \ / _` | '__|  _/ _ \/ _ \
2025-03-22 17:35:56.308953 [info] : | (_| (_| | |  | | | | | | (_| | |  | ||  __/  __/
2025-03-22 17:35:56.314768 [info] :  \___\__,_|_|  |_| |_| |_|\__,_|_|  |_| \___|\___|
2025-03-22 17:35:56.314927 [info] : --------------------------------------------------
2025-03-22 17:35:56.314952 [info] :                  the server config                
2025-03-22 17:35:56.315082 [info] : --------------------------------------------------
2025-03-22 17:35:56.315268 [info] : IP: 127.0.0.1
2025-03-22 17:35:56.315366 [info] : Port: 1316
2025-03-22 17:35:56.315451 [info] : Listen Mode: ET
2025-03-22 17:35:56.315534 [info] : Connect Mode: ET
2025-03-22 17:35:56.315617 [info] : SysLogLevel: 0
2025-03-22 17:35:56.315700 [info] : SqlConnPool num: 12
2025-03-22 17:35:56.315785 [info] : ThreadPool num: 6
2025-03-22 17:35:56.315868 [info] : ============== Server Start Success!==============
2025-03-22 17:36:00.121812 [info] : Client[6](127.0.0.1:29378) in, userCount:1
2025-03-22 17:36:00.121973 [error]: Connect failed!
2025-03-22 17:36:00.122246 [debug]: [GET], [login.html], [HTTP/1.1]
2025-03-22 17:36:00.122420 [debug]: filepath:/home/carmarfee/C++pro/CarWebServer/res/login.html
2025-03-22 17:36:00.123199 [info] : Client[7](127.0.0.1:30914) in, userCount:2
2025-03-22 17:36:00.123400 [error]: Connect failed!
2025-03-22 17:36:00.379692 [info] : Client[8](127.0.0.1:32962) in, userCount:3
2025-03-22 17:36:00.379987 [error]: Connect failed!
2025-03-22 17:36:12.217537 [debug]: [GET], [/login.cgi], [HTTP/1.1]
2025-03-22 17:36:12.217733 [debug]: filepath:/home/carmarfee/C++pro/CarWebServer/res//login.cgi
2025-03-22 17:36:12.217816 [error]: Open file error
2025-03-22 17:36:12.232112 [info] : Client[6] quit!
2025-03-22 17:36:12.232385 [info] : Client[6](127.0.0.1:29378) quit, UserCount:2
2025-03-22 17:37:00.149078 [info] : Client[6] quit!
2025-03-22 17:37:00.379260 [info] : Client[8] quit!
2025-03-22 17:37:00.379399 [info] : Client[8](127.0.0.1:32962) quit, UserCount:1
2025-03-22 17:37:12.236329 [info] : Client[7] quit!
2025-03-22 17:54:20.622501 [info] : ============== Server Init Success! ==============
2025-03-22 17:54:20.622548 [info] :           welcome to carmarfee's server           
2025-03-22 17:54:20.622554 [info] :                                      / _|         
2025-03-22 17:54:20.622559 [info] :   ___ __ _ _ __ _ __ ___   __ _ _ __| |_ ___  ___ 
2025-03-22 17:54:20.622562 [info] :  / __/ _` | '__| '_ ` _ \ / _` | '__|  _/ _ \/ _ \
2025-03-22 17:54:20.622663 [info] : | (_| (_| | |  | | | | | | (_| | |  | ||  __/  __/
2025-03-22 17:54:20.624184 [info] :  \___\__,_|_|  |_| |_| |_|\__,_|_|  |_| \___|\___|
2025-03-22 17:54:20.624234 [info] : --------------------------------------------------
2025-03-22 17:54:20.624240 [info] :                  the server config                
2025-03-22 17:54:20.624243 [info] : --------------------------------------------------
2025-03-22 17:54:20.624268 [info] : IP: 127.0.0.1
2025-03-22 17:54:20.624273 [info] : Port: 1316
2025-03-22 17:54:20.624381 [info] : Listen Mode: ET
2025-03-22 17:54:20.624397 [info] : Connect Mode: ET
2025-03-22 17:54:20.624400 [info] : SysLogLevel: 0
2025-03-22 17:54:20.624403 [info] : SqlConnPool num: 12
2025-03-22 17:54:20.624407 [info] : ThreadPool num: 6
2025-03-22 17:54:20.624409 [info] : ============== Server Start Success!==============
2025-03-22 17:55:38.867235 [info] : Client[6](127.0.0.1:41107) in, userCount:1
2025-03-22 17:55:38.867354 [error]: Connect failed!
2025-03-22 17:55:38.868626 [debug]: [GET], [/login.html], [HTTP/1.1]
2025-03-22 17:55:38.868707 [debug]: filepath:/home/carmarfee/C++pro/CarWebServer/res//login.html
2025-03-22 17:56:39.685283 [info] : Client[6] quit!
2025-03-22 18:00:22.179228 [info] : ============== Server Init Success! ==============
2025-03-22 18:00:22.179302 [info] :           welcome to carmarfee's server           
2025-03-22 18:00:22.179306 [info] :                                      / _|         
2025-03-22 18:00:22.179308 [info] :   ___ __ _ _ __ _ __ ___   __ _ _ __| |_ ___  ___ 
2025-03-22 18:00:22.179311 [info] :  / __/ _` | '__| '_ ` _ \ / _` | '__|  _/ _ \/ _ \
2025-03-22 18:00:22.179409 [info] : | (_| (_| | |  | | | | | | (_| | |  | ||  __/  __/
2025-03-22 18:00:22.179414 [info] :  \___\__,_|_|  |_| |_| |_|\__,_|_|  |_| \___|\___|
2025-03-22 18:00:22.179416 [info] : --------------------------------------------------
2025-03-22 18:00:22.179419 [info] :                  the server config                
2025-03-22 18:00:22.179421 [info] : --------------------------------------------------
2025-03-22 18:00:22.179424 [info] : IP: 127.0.0.1
2025-03-22 18:00:22.179427 [info] : Port: 1316
2025-03-22 18:00:22.179429 [info] : Listen Mode: ET
2025-03-22 18:00:22.179432 [info] : Connect Mode: ET
2025-03-22 18:00:22.179434 [info] : SysLogLevel: 0
2025-03-22 18:00:22.179437 [info] : SqlConnPool num: 12
2025-03-22 18:00:22.179447 [info] : ThreadPool num: 6
2025-03-22 18:00:22.179450 [info] : ============== Server Start Success!==============
2025-03-22 18:00:38.602552 [info] : Client[6](127.0.0.1:17051) in, userCount:1
2025-03-22 18:00:38.603330 [error]: Connect failed!
2025-03-22 18:00:38.604221 [debug]: [GET], [/login.html], [HTTP/1.1]
2025-03-22 18:00:38.604402 [debug]: filepath:/home/carmarfee/C++pro/CarWebServer/res//login.html
2025-03-22 18:00:47.868865 [info] : Client[6] quit!
2025-03-22 18:00:47.868994 [info] : Client[6](127.0.0.1:17051) quit, UserCount:0
2025-03-22 18:01:03.173722 [info] : Client[6](127.0.0.1:63147) in, userCount:1
2025-03-22 18:01:03.173935 [error]: Connect failed!
2025-03-22 18:01:03.175541 [debug]: [GET], [/login.cgi], [HTTP/1.1]
2025-03-22 18:01:03.175657 [debug]: filepath:/home/carmarfee/C++pro/CarWebServer/res//login.cgi
2025-03-22 18:09:24.072300 [info] : ============== Server Init Success! ==============
2025-03-22 18:09:24.072318 [info] :           welcome to carmarfee's server           
2025-03-22 18:09:24.072321 [info] :                                      / _|         
2025-03-22 18:09:24.072380 [info] :   ___ __ _ _ __ _ __ ___   __ _ _ __| |_ ___  ___ 
2025-03-22 18:09:24.072402 [info] :  / __/ _` | '__| '_ ` _ \ / _` | '__|  _/ _ \/ _ \
2025-03-22 18:09:24.072405 [info] : | (_| (_| | |  | | | | | | (_| | |  | ||  __/  __/
2025-03-22 18:09:24.072407 [info] :  \___\__,_|_|  |_| |_| |_|\__,_|_|  |_| \___|\___|
2025-03-22 18:09:24.072408 [info] : --------------------------------------------------
2025-03-22 18:09:24.072409 [info] :                  the server config                
2025-03-22 18:09:24.072411 [info] : --------------------------------------------------
2025-03-22 18:09:24.072412 [info] : IP: 127.0.0.1
2025-03-22 18:09:24.072540 [info] : Port: 1316
2025-03-22 18:09:24.072557 [info] : Listen Mode: ET
2025-03-22 18:09:24.072560 [info] : Connect Mode: ET
2025-03-22 18:09:24.072561 [info] : SysLogLevel: 0
2025-03-22 18:09:24.072563 [info] : SqlConnPool num: 12
2025-03-22 18:09:24.072565 [info] : ThreadPool num: 6
2025-03-22 18:09:24.072567 [info] : ============== Server Start Success!==============
2025-03-22 18:09:34.921506 [info] : Client[6](127.0.0.1:38020) in, userCount:1
2025-03-22 18:09:34.921702 [error]: Connect failed!
2025-03-22 18:09:34.922026 [debug]: [GET], [/login.html], [HTTP/1.1]
2025-03-22 18:09:34.922055 [debug]: filepath:/home/carmarfee/C++pro/CarWebServer/res//login.html
2025-03-22 18:09:34.923164 [info] : Client[8](127.0.0.1:38532) in, userCount:2
2025-03-22 18:09:34.923254 [error]: Connect failed!
2025-03-22 18:09:35.169801 [info] : Client[7](127.0.0.1:42628) in, userCount:3
2025-03-22 18:09:35.169888 [error]: Connect failed!
2025-03-22 18:09:45.346163 [debug]: [GET], [/login.cgi], [HTTP/1.1]
2025-03-22 18:09:45.346327 [debug]: filepath:/home/carmarfee/C++pro/CarWebServer/res//login.cgi
2025-03-22 18:09:45.346417 [error]: Open file error
2025-03-22 18:09:45.361721 [info] : Client[6] quit!
2025-03-22 18:09:45.362201 [info] : Client[6](127.0.0.1:38020) quit, UserCount:2
2025-03-22 18:09:48.546137 [info] : Client[8] quit!
2025-03-22 18:09:48.547073 [info] : Client[8](127.0.0.1:38532) quit, UserCount:1
2025-03-22 18:09:48.548223 [debug]: [GET], [/login.html], [HTTP/1.1]
2025-03-22 18:09:48.548677 [debug]: filepath:/home/carmarfee/C++pro/CarWebServer/res//login.html
2025-03-22 18:09:54.697518 [info] : Client[6](127.0.0.1:64232) in, userCount:2
2025-03-22 18:09:54.697660 [error]: Connect failed!
2025-03-22 18:09:54.697785 [debug]: [GET], [/login.cgi], [HTTP/1.1]
2025-03-22 18:09:54.697905 [debug]: filepath:/home/carmarfee/C++pro/CarWebServer/res//login.cgi
2025-03-22 18:09:54.698100 [error]: Open file error
2025-03-22 18:09:54.705727 [info] : Client[7] quit!
2025-03-22 18:09:54.706110 [info] : Client[7](127.0.0.1:42628) quit, UserCount:1
2025-03-22 18:09:58.996656 [info] : Client[6] quit!
2025-03-22 18:09:58.997034 [info] : Client[6](127.0.0.1:64232) quit, UserCount:0
2025-03-22 18:09:59.299454 [info] : Client[6](127.0.0.1:1769) in, userCount:1
2025-03-22 18:09:59.299548 [error]: Connect failed!
2025-03-22 18:09:59.299766 [debug]: [GET], [/login.html], [HTTP/1.1]
2025-03-22 18:09:59.299919 [debug]: filepath:/home/carmarfee/C++pro/CarWebServer/res//login.html
2025-03-22 18:10:48.563761 [info] : Client[8] quit!
2025-03-22 18:10:48.564074 [info] : Client[7] quit!
2025-03-22 18:10:59.309997 [info] : Client[6] quit!
2025-03-22 18:10:59.310290 [info] : Client[6](127.0.0.1:1769) quit, UserCount:0
2025-03-22 18:12:19.441848 [info] : Client[6](127.0.0.1:47764) in, userCount:1
2025-03-22 18:12:19.442164 [error]: Connect failed!
2025-03-22 18:12:19.442390 [debug]: [GET], [/index.html], [HTTP/1.1]
2025-03-22 18:12:19.442448 [debug]: filepath:/home/carmarfee/C++pro/CarWebServer/res//index.html
2025-03-22 18:12:19.442509 [info] : Client[8](127.0.0.1:49300) in, userCount:2
2025-03-22 18:12:19.442712 [error]: Connect failed!
2025-03-22 18:12:19.696957 [info] : Client[7](127.0.0.1:52884) in, userCount:3
2025-03-22 18:12:19.697047 [error]: Connect failed!
2025-03-22 18:12:34.316487 [debug]: [GET], [/login.html], [HTTP/1.1]
2025-03-22 18:12:34.316705 [debug]: filepath:/home/carmarfee/C++pro/CarWebServer/res//login.html
2025-03-22 18:12:34.411816 [info] : Client[6] quit!
