2025-03-18 11:39:12.721014 [info] : ============== Server Init Success! ==============
2025-03-18 11:39:12.721037 [info] :           welcome to carmarfee's server           
2025-03-18 11:39:12.721040 [info] :                                      / _|         
2025-03-18 11:39:12.721042 [info] :   ___ __ _ _ __ _ __ ___   __ _ _ __| |_ ___  ___ 
2025-03-18 11:39:12.721044 [info] :  / __/ _` | '__| '_ ` _ \ / _` | '__|  _/ _ \/ _ \
2025-03-18 11:39:12.721045 [info] : | (_| (_| | |  | | | | | | (_| | |  | ||  __/  __/
2025-03-18 11:39:12.721047 [info] :  \___\__,_|_|  |_| |_| |_|\__,_|_|  |_| \___|\___|
2025-03-18 11:39:12.721196 [info] : --------------------------------------------------
2025-03-18 11:39:12.721263 [info] :                  the server config                
2025-03-18 11:39:12.721278 [info] : --------------------------------------------------
2025-03-18 11:39:12.721281 [info] : IP: 127.0.0.1
2025-03-18 11:39:12.721283 [info] : Port: 1316
2025-03-18 11:39:12.721284 [info] : Listen Mode: ET
2025-03-18 11:39:12.721286 [info] : Connect Mode: ET
2025-03-18 11:39:12.721287 [info] : SysLogLevel: 1
2025-03-18 11:39:12.721300 [info] : SqlConnPool num: 12
2025-03-18 11:39:12.721302 [info] : ThreadPool num: 6
2025-03-18 11:39:12.721304 [info] : ============== Server Start Success!==============
2025-03-18 11:39:13.546842 [info] : Client[6](127.0.0.1:44763) in, userCount:1
2025-03-18 11:46:52.024055 [info] : ============== Server Init Success! ==============
2025-03-18 11:46:52.024093 [info] :           welcome to carmarfee's server           
2025-03-18 11:46:52.024098 [info] :                                      / _|         
2025-03-18 11:46:52.024100 [info] :   ___ __ _ _ __ _ __ ___   __ _ _ __| |_ ___  ___ 
2025-03-18 11:46:52.024102 [info] :  / __/ _` | '__| '_ ` _ \ / _` | '__|  _/ _ \/ _ \
2025-03-18 11:46:52.024104 [info] : | (_| (_| | |  | | | | | | (_| | |  | ||  __/  __/
2025-03-18 11:46:52.024106 [info] :  \___\__,_|_|  |_| |_| |_|\__,_|_|  |_| \___|\___|
2025-03-18 11:46:52.024108 [info] : --------------------------------------------------
2025-03-18 11:46:52.024110 [info] :                  the server config                
2025-03-18 11:46:52.024112 [info] : --------------------------------------------------
2025-03-18 11:46:52.024114 [info] : IP: 127.0.0.1
2025-03-18 11:46:52.024116 [info] : Port: 1316
2025-03-18 11:46:52.024119 [info] : Listen Mode: ET
2025-03-18 11:46:52.024121 [info] : Connect Mode: ET
2025-03-18 11:46:52.024122 [info] : SysLogLevel: 1
2025-03-18 11:46:52.024124 [info] : SqlConnPool num: 12
2025-03-18 11:46:52.024127 [info] : ThreadPool num: 6
2025-03-18 11:46:52.024129 [info] : ============== Server Start Success!==============
2025-03-18 11:47:10.205750 [info] : Client[6](127.0.0.1:28826) in, userCount:1
2025-03-18 22:48:03.663892 [info] : ============== Server Init Success! ==============
2025-03-18 22:48:03.663917 [info] :           welcome to carmarfee's server           
2025-03-18 22:48:03.663920 [info] :                                      / _|         
2025-03-18 22:48:03.663922 [info] :   ___ __ _ _ __ _ __ ___   __ _ _ __| |_ ___  ___ 
2025-03-18 22:48:03.663924 [info] :  / __/ _` | '__| '_ ` _ \ / _` | '__|  _/ _ \/ _ \
2025-03-18 22:48:03.663925 [info] : | (_| (_| | |  | | | | | | (_| | |  | ||  __/  __/
2025-03-18 22:48:03.663978 [info] :  \___\__,_|_|  |_| |_| |_|\__,_|_|  |_| \___|\___|
2025-03-18 22:48:03.663988 [info] : --------------------------------------------------
2025-03-18 22:48:03.663989 [info] :                  the server config                
2025-03-18 22:48:03.663991 [info] : --------------------------------------------------
2025-03-18 22:48:03.663992 [info] : IP: 127.0.0.1
2025-03-18 22:48:03.663994 [info] : Port: 1316
2025-03-18 22:48:03.663996 [info] : Listen Mode: ET
2025-03-18 22:48:03.663997 [info] : Connect Mode: ET
2025-03-18 22:48:03.663998 [info] : SysLogLevel: 1
2025-03-18 22:48:03.664000 [info] : SqlConnPool num: 12
2025-03-18 22:48:03.664002 [info] : ThreadPool num: 6
2025-03-18 22:48:03.664003 [info] : ============== Server Start Success!==============
2025-03-18 22:48:21.477584 [info] : Client[6](127.0.0.1:32489) in, userCount:1
2025-03-18 22:48:21.478202 [info] : Client[7](127.0.0.1:35049) in, userCount:2
