2025-03-17 20:41:39.098695 [info] : ========== Server init ==========
2025-03-17 20:41:39.098711 [info] : Port:1316, OpenLinger: false
2025-03-17 20:41:39.098754 [info] : Listen Mode: ET, OpenConn Mode: ET
2025-03-17 20:41:39.098801 [info] : LogSys level: 1
2025-03-17 20:41:39.098814 [info] : srcDir: /home/carmarfee/桌面/C++proj/MyWebServer/src/http/res/
2025-03-17 20:41:39.098822 [info] : SqlConnPool num: 12, ThreadPool num: 6
2025-03-17 20:41:39.098829 [info] : ========== Server start ==========
2025-03-17 20:41:53.414959 [info] : Client[18](127.0.0.1:34001) in, userCount:1
2025-03-17 20:41:53.415100 [info] : Client[18] in!
2025-03-17 20:41:55.774373 [info] : Client[19](127.0.0.1:35537) in, userCount:2
2025-03-17 20:41:55.774451 [info] : Client[19] in!
2025-03-17 20:41:56.894109 [error]: Connect failed!
2025-03-17 20:45:07.472228 [info] : Client[19] quit!
2025-03-17 20:45:07.472366 [info] : Client[19](127.0.0.1:35537) quit, UserCount:1
2025-03-17 20:46:36.440356 [info] : ========== Server init ==========
2025-03-17 20:46:36.440372 [info] : Port:1316, OpenLinger: false
2025-03-17 20:46:36.440409 [info] : Listen Mode: ET, OpenConn Mode: ET
2025-03-17 20:46:36.440449 [info] : LogSys level: 1
2025-03-17 20:46:36.440458 [info] : srcDir: /home/carmarfee/桌面/C++proj/MyWebServer/src/http/res/
2025-03-17 20:46:36.440464 [info] : SqlConnPool num: 12, ThreadPool num: 6
2025-03-17 20:46:36.440470 [info] : ========== Server start ==========
2025-03-17 20:46:47.488138 [info] : Client[18](127.0.0.1:18572) in, userCount:1
2025-03-17 20:46:47.488213 [info] : Client[18] in!
2025-03-17 20:46:49.162014 [info] : Client[19](127.0.0.1:22668) in, userCount:2
2025-03-17 20:46:49.162092 [info] : Client[19] in!
2025-03-17 20:46:51.161374 [error]: Connect failed!
2025-03-17 20:47:50.540039 [info] : Client[19] quit!
2025-03-17 20:47:50.540175 [info] : Client[19](127.0.0.1:22668) quit, UserCount:1
2025-03-17 21:23:14.223988 [info] : ========== Server init ==========
2025-03-17 21:23:14.224002 [info] : Port:1316, OpenLinger: false
2025-03-17 21:23:14.224006 [info] : Listen Mode: ET, OpenConn Mode: ET
2025-03-17 21:23:14.224042 [info] : LogSys level: 1
2025-03-17 21:23:14.224048 [info] : srcDir: /home/carmarfee/桌面/C++proj/MyWebServer/src/http/res/
2025-03-17 21:23:14.224086 [info] : SqlConnPool num: 12, ThreadPool num: 6
2025-03-17 21:23:14.224094 [info] : ========== Server start ==========
2025-03-17 21:23:17.339013 [info] : Client[18](127.0.0.1:29396) in, userCount:1
2025-03-17 21:23:17.339063 [info] : Client[18] in!
2025-03-17 21:23:17.339078 [error]: Connect failed!
2025-03-17 21:23:21.879001 [info] : Client[19](127.0.0.1:30420) in, userCount:2
2025-03-17 21:23:21.879083 [info] : Client[19] in!
2025-03-17 21:23:21.879112 [error]: Connect failed!
2025-03-17 21:24:18.617655 [info] : Client[18] quit!
2025-03-17 21:31:09.031441 [info] : ========== Server init ==========
2025-03-17 21:31:09.031457 [info] : Port:1316, OpenLinger: false
2025-03-17 21:31:09.031500 [info] : Listen Mode: ET, OpenConn Mode: ET
2025-03-17 21:31:09.031541 [info] : LogSys level: 1
2025-03-17 21:31:09.031551 [info] : srcDir: /home/carmarfee/桌面/C++proj/MyWebServer/src/http/res/
2025-03-17 21:31:09.031562 [info] : SqlConnPool num: 12, ThreadPool num: 6
2025-03-17 21:31:09.031571 [info] : ========== Server start ==========
2025-03-17 21:31:13.082330 [info] : Client[18](127.0.0.1:6837) in, userCount:1
2025-03-17 21:31:13.082396 [info] : Client[18] in!
2025-03-17 21:31:13.082421 [error]: Connect failed!
2025-03-17 21:31:23.181688 [info] : Client[19](127.0.0.1:10421) in, userCount:2
2025-03-17 21:31:23.181811 [info] : Client[19] in!
2025-03-17 21:31:29.988891 [info] : ========== Server init ==========
2025-03-17 21:31:29.988926 [info] : Port:1316, OpenLinger: false
2025-03-17 21:31:29.988935 [info] : Listen Mode: ET, OpenConn Mode: ET
2025-03-17 21:31:29.988940 [info] : LogSys level: 1
2025-03-17 21:31:29.988945 [info] : srcDir: /home/carmarfee/桌面/C++proj/MyWebServer/src/http/res/
2025-03-17 21:31:29.988950 [info] : SqlConnPool num: 12, ThreadPool num: 6
2025-03-17 21:31:29.988954 [info] : ========== Server start ==========
2025-03-17 21:31:30.789213 [info] : Client[18](127.0.0.1:42154) in, userCount:1
2025-03-17 21:31:30.789272 [info] : Client[18] in!
2025-03-17 21:31:30.789295 [error]: Connect failed!
2025-03-17 21:31:30.789334 [info] : Client[19](127.0.0.1:46250) in, userCount:2
2025-03-17 21:31:30.789348 [info] : Client[19] in!
2025-03-17 21:32:00.463332 [info] : ========== Server init ==========
2025-03-17 21:32:00.463350 [info] : Port:1316, OpenLinger: false
2025-03-17 21:32:00.463406 [info] : Listen Mode: ET, OpenConn Mode: ET
2025-03-17 21:32:00.463412 [info] : LogSys level: 1
2025-03-17 21:32:00.463416 [info] : srcDir: /home/carmarfee/桌面/C++proj/MyWebServer/src/http/res/
2025-03-17 21:32:00.463420 [info] : SqlConnPool num: 12, ThreadPool num: 6
2025-03-17 21:32:00.463470 [info] : ========== Server start ==========
2025-03-17 21:32:02.062652 [info] : Client[18](127.0.0.1:6824) in, userCount:1
2025-03-17 21:32:02.062744 [info] : Client[18] in!
2025-03-17 21:32:02.062807 [info] : Client[19](127.0.0.1:7848) in, userCount:2
2025-03-17 21:32:02.062847 [info] : Client[19] in!
